[22-Oct-2018 19:28:13 UTC] PHP Warning:  include(../../inc/dbConnection.php): failed to open stream: No such file or directory in /home/ubuntu/workspace/cst336/practice/midterm_practice2.php on line 3
[22-Oct-2018 19:28:13 UTC] PHP Stack trace:
[22-Oct-2018 19:28:13 UTC] PHP   1. {main}() /home/ubuntu/workspace/cst336/practice/midterm_practice2.php:0
[22-Oct-2018 19:28:13 UTC] PHP Warning:  include(): Failed opening '../../inc/dbConnection.php' for inclusion (include_path='.:/usr/share/php:/usr/share/pear') in /home/ubuntu/workspace/cst336/practice/midterm_practice2.php on line 3
[22-Oct-2018 19:28:13 UTC] PHP Stack trace:
[22-Oct-2018 19:28:13 UTC] PHP   1. {main}() /home/ubuntu/workspace/cst336/practice/midterm_practice2.php:0
[22-Oct-2018 19:28:13 UTC] PHP Fatal error:  Call to undefined function startConnection() in /home/ubuntu/workspace/cst336/practice/midterm_practice2.php on line 4
[22-Oct-2018 19:28:13 UTC] PHP Stack trace:
[22-Oct-2018 19:28:13 UTC] PHP   1. {main}() /home/ubuntu/workspace/cst336/practice/midterm_practice2.php:0
[22-Oct-2018 19:29:29 UTC] PHP Warning:  PDOStatement::execute() expects parameter 1 to be array, string given in /home/ubuntu/workspace/cst336/practice/midterm_practice2.php on line 14
[22-Oct-2018 19:29:29 UTC] PHP Stack trace:
[22-Oct-2018 19:29:29 UTC] PHP   1. {main}() /home/ubuntu/workspace/cst336/practice/midterm_practice2.php:0
[22-Oct-2018 19:29:29 UTC] PHP   2. filterPop() /home/ubuntu/workspace/cst336/practice/midterm_practice2.php:36
[22-Oct-2018 19:29:29 UTC] PHP   3. PDOStatement->execute() /home/ubuntu/workspace/cst336/practice/midterm_practice2.php:14
[22-Oct-2018 19:30:38 UTC] PHP Warning:  PDOStatement::execute() expects parameter 1 to be array, string given in /home/ubuntu/workspace/cst336/practice/midterm_practice2.php on line 14
[22-Oct-2018 19:30:38 UTC] PHP Stack trace:
[22-Oct-2018 19:30:38 UTC] PHP   1. {main}() /home/ubuntu/workspace/cst336/practice/midterm_practice2.php:0
[22-Oct-2018 19:30:38 UTC] PHP   2. filterPop() /home/ubuntu/workspace/cst336/practice/midterm_practice2.php:36
[22-Oct-2018 19:30:38 UTC] PHP   3. PDOStatement->execute() /home/ubuntu/workspace/cst336/practice/midterm_practice2.php:14
[22-Oct-2018 19:42:48 UTC] PHP Fatal error:  Uncaught exception 'PDOException' with message 'SQLSTATE[42000]: Syntax error or access violation: 1064 You have an error in your SQL syntax; check the manual that corresponds to your MySQL server version for the right syntax to use near 'DESC population' at line 1' in /home/ubuntu/workspace/cst336/practice/midterm_practice2.php:32
Stack trace:
#0 /home/ubuntu/workspace/cst336/practice/midterm_practice2.php(32): PDOStatement->execute()
#1 /home/ubuntu/workspace/cst336/practice/midterm_practice2.php(55): orderPop()
#2 {main}
  thrown in /home/ubuntu/workspace/cst336/practice/midterm_practice2.php on line 32
[22-Oct-2018 19:55:40 UTC] PHP Fatal error:  Uncaught exception 'PDOException' with message 'SQLSTATE[42000]: Syntax error or access violation: 1064 You have an error in your SQL syntax; check the manual that corresponds to your MySQL server version for the right syntax to use near '%s' at line 1' in /home/ubuntu/workspace/cst336/practice/midterm_practice2.php:73
Stack trace:
#0 /home/ubuntu/workspace/cst336/practice/midterm_practice2.php(73): PDOStatement->execute()
#1 /home/ubuntu/workspace/cst336/practice/midterm_practice2.php(102): startsWithS()
#2 {main}
  thrown in /home/ubuntu/workspace/cst336/practice/midterm_practice2.php on line 73
[22-Oct-2018 19:56:05 UTC] PHP Fatal error:  Uncaught exception 'PDOException' with message 'SQLSTATE[42000]: Syntax error or access violation: 1064 You have an error in your SQL syntax; check the manual that corresponds to your MySQL server version for the right syntax to use near '%s' at line 1' in /home/ubuntu/workspace/cst336/practice/midterm_practice2.php:73
Stack trace:
#0 /home/ubuntu/workspace/cst336/practice/midterm_practice2.php(73): PDOStatement->execute()
#1 /home/ubuntu/workspace/cst336/practice/midterm_practice2.php(99): startsWithS()
#2 {main}
  thrown in /home/ubuntu/workspace/cst336/practice/midterm_practice2.php on line 73
[22-Oct-2018 19:56:07 UTC] PHP Fatal error:  Uncaught exception 'PDOException' with message 'SQLSTATE[42000]: Syntax error or access violation: 1064 You have an error in your SQL syntax; check the manual that corresponds to your MySQL server version for the right syntax to use near '%s' at line 1' in /home/ubuntu/workspace/cst336/practice/midterm_practice2.php:73
Stack trace:
#0 /home/ubuntu/workspace/cst336/practice/midterm_practice2.php(73): PDOStatement->execute()
#1 /home/ubuntu/workspace/cst336/practice/midterm_practice2.php(99): startsWithS()
#2 {main}
  thrown in /home/ubuntu/workspace/cst336/practice/midterm_practice2.php on line 73
[22-Oct-2018 19:56:45 UTC] PHP Fatal error:  Uncaught exception 'PDOException' with message 'SQLSTATE[42000]: Syntax error or access violation: 1064 You have an error in your SQL syntax; check the manual that corresponds to your MySQL server version for the right syntax to use near '%s' at line 1' in /home/ubuntu/workspace/cst336/practice/midterm_practice2.php:72
Stack trace:
#0 /home/ubuntu/workspace/cst336/practice/midterm_practice2.php(72): PDOStatement->execute()
#1 /home/ubuntu/workspace/cst336/practice/midterm_practice2.php(98): startsWithS()
#2 {main}
  thrown in /home/ubuntu/workspace/cst336/practice/midterm_practice2.php on line 72
[22-Oct-2018 20:01:53 UTC] PHP Fatal error:  Uncaught exception 'PDOException' with message 'SQLSTATE[42000]: Syntax error or access violation: 1064 You have an error in your SQL syntax; check the manual that corresponds to your MySQL server version for the right syntax to use near '%s' at line 1' in /home/ubuntu/workspace/cst336/practice/midterm_practice2.php:72
Stack trace:
#0 /home/ubuntu/workspace/cst336/practice/midterm_practice2.php(72): PDOStatement->execute()
#1 /home/ubuntu/workspace/cst336/practice/midterm_practice2.php(98): startsWithS()
#2 {main}
  thrown in /home/ubuntu/workspace/cst336/practice/midterm_practice2.php on line 72
[24-Oct-2018 22:18:03 UTC] PHP Fatal error:  Uncaught exception 'PDOException' with message 'SQLSTATE[42S02]: Base table or view not found: 1146 Table 'midterm.mp_town' doesn't exist' in /home/ubuntu/workspace/cst336/practice/midterm_practice2.php:14
Stack trace:
#0 /home/ubuntu/workspace/cst336/practice/midterm_practice2.php(14): PDOStatement->execute()
#1 /home/ubuntu/workspace/cst336/practice/midterm_practice2.php(92): filterPop()
#2 {main}
  thrown in /home/ubuntu/workspace/cst336/practice/midterm_practice2.php on line 14
[12-Dec-2018 21:28:16 UTC] PHP Warning:  include(../../inc/dbConnection.php): failed to open stream: No such file or directory in /home/ubuntu/workspace/cst336/final/index.php on line 2
[12-Dec-2018 21:28:16 UTC] PHP Stack trace:
[12-Dec-2018 21:28:16 UTC] PHP   1. {main}() /home/ubuntu/workspace/cst336/final/index.php:0
[12-Dec-2018 21:28:16 UTC] PHP Warning:  include(): Failed opening '../../inc/dbConnection.php' for inclusion (include_path='.:/usr/share/php:/usr/share/pear') in /home/ubuntu/workspace/cst336/final/index.php on line 2
[12-Dec-2018 21:28:16 UTC] PHP Stack trace:
[12-Dec-2018 21:28:16 UTC] PHP   1. {main}() /home/ubuntu/workspace/cst336/final/index.php:0
[12-Dec-2018 21:28:16 UTC] PHP Fatal error:  Call to undefined function startConnection() in /home/ubuntu/workspace/cst336/final/index.php on line 3
[12-Dec-2018 21:28:16 UTC] PHP Stack trace:
[12-Dec-2018 21:28:16 UTC] PHP   1. {main}() /home/ubuntu/workspace/cst336/final/index.php:0
