[12-Dec-2018 17:05:46 UTC] PHP Fatal error:  Call to a member function prepare() on a non-object in /home/ubuntu/workspace/cst336/projects/final/admin.php on line 7
[12-Dec-2018 17:05:46 UTC] PHP Stack trace:
[12-Dec-2018 17:05:46 UTC] PHP   1. {main}() /home/ubuntu/workspace/cst336/projects/final/admin.php:0
[12-Dec-2018 17:05:46 UTC] PHP   2. usertotal() /home/ubuntu/workspace/cst336/projects/final/admin.php:60
[12-Dec-2018 17:06:27 UTC] PHP Fatal error:  Call to a member function prepare() on a non-object in /home/ubuntu/workspace/cst336/projects/final/admin.php on line 7
[12-Dec-2018 17:06:27 UTC] PHP Stack trace:
[12-Dec-2018 17:06:27 UTC] PHP   1. {main}() /home/ubuntu/workspace/cst336/projects/final/admin.php:0
[12-Dec-2018 17:06:27 UTC] PHP   2. usertotal() /home/ubuntu/workspace/cst336/projects/final/admin.php:60
[12-Dec-2018 17:06:43 UTC] PHP Fatal error:  Call to a member function prepare() on a non-object in /home/ubuntu/workspace/cst336/projects/final/admin.php on line 7
[12-Dec-2018 17:06:43 UTC] PHP Stack trace:
[12-Dec-2018 17:06:43 UTC] PHP   1. {main}() /home/ubuntu/workspace/cst336/projects/final/admin.php:0
[12-Dec-2018 17:06:43 UTC] PHP   2. usertotal() /home/ubuntu/workspace/cst336/projects/final/admin.php:60
[12-Dec-2018 17:09:24 UTC] PHP Fatal error:  Call to a member function prepare() on a non-object in /home/ubuntu/workspace/cst336/projects/final/admin.php on line 7
[12-Dec-2018 17:09:24 UTC] PHP Stack trace:
[12-Dec-2018 17:09:24 UTC] PHP   1. {main}() /home/ubuntu/workspace/cst336/projects/final/admin.php:0
[12-Dec-2018 17:09:24 UTC] PHP   2. usertotal() /home/ubuntu/workspace/cst336/projects/final/admin.php:60
[12-Dec-2018 17:12:08 UTC] PHP Warning:  Invalid argument supplied for foreach() in /home/ubuntu/workspace/cst336/projects/final/admin.php on line 11
[12-Dec-2018 17:12:08 UTC] PHP Stack trace:
[12-Dec-2018 17:12:08 UTC] PHP   1. {main}() /home/ubuntu/workspace/cst336/projects/final/admin.php:0
[12-Dec-2018 17:12:08 UTC] PHP   2. usertotal() /home/ubuntu/workspace/cst336/projects/final/admin.php:64
[12-Dec-2018 17:12:36 UTC] PHP Warning:  Invalid argument supplied for foreach() in /home/ubuntu/workspace/cst336/projects/final/admin.php on line 11
[12-Dec-2018 17:12:36 UTC] PHP Stack trace:
[12-Dec-2018 17:12:36 UTC] PHP   1. {main}() /home/ubuntu/workspace/cst336/projects/final/admin.php:0
[12-Dec-2018 17:12:36 UTC] PHP   2. usertotal() /home/ubuntu/workspace/cst336/projects/final/admin.php:64
[12-Dec-2018 17:13:04 UTC] PHP Warning:  Invalid argument supplied for foreach() in /home/ubuntu/workspace/cst336/projects/final/admin.php on line 11
[12-Dec-2018 17:13:04 UTC] PHP Stack trace:
[12-Dec-2018 17:13:04 UTC] PHP   1. {main}() /home/ubuntu/workspace/cst336/projects/final/admin.php:0
[12-Dec-2018 17:13:04 UTC] PHP   2. usertotal() /home/ubuntu/workspace/cst336/projects/final/admin.php:64
[12-Dec-2018 17:19:30 UTC] PHP Fatal error:  Call to undefined function mostLike() in /home/ubuntu/workspace/cst336/projects/final/admin.php on line 72
[12-Dec-2018 17:19:31 UTC] PHP Stack trace:
[12-Dec-2018 17:19:31 UTC] PHP   1. {main}() /home/ubuntu/workspace/cst336/projects/final/admin.php:0
[12-Dec-2018 18:03:55 UTC] PHP Parse error:  syntax error, unexpected '42' (T_LNUMBER), expecting ',' or ';' in /home/ubuntu/workspace/cst336/projects/final/admin.php on line 47
