[12-Dec-2018 11:28:41 UTC] PHP Warning:  include(../../inc/dbConnection.php): failed to open stream: No such file or directory in /home/ubuntu/workspace/cst336/projects/final/api/checkLogin.php on line 3
[12-Dec-2018 11:28:41 UTC] PHP Stack trace:
[12-Dec-2018 11:28:41 UTC] PHP   1. {main}() /home/ubuntu/workspace/cst336/projects/final/api/checkLogin.php:0
[12-Dec-2018 11:28:41 UTC] PHP Warning:  include(): Failed opening '../../inc/dbConnection.php' for inclusion (include_path='.:/usr/share/php:/usr/share/pear') in /home/ubuntu/workspace/cst336/projects/final/api/checkLogin.php on line 3
[12-Dec-2018 11:28:41 UTC] PHP Stack trace:
[12-Dec-2018 11:28:41 UTC] PHP   1. {main}() /home/ubuntu/workspace/cst336/projects/final/api/checkLogin.php:0
[12-Dec-2018 11:28:41 UTC] PHP Fatal error:  Call to undefined function startConnection() in /home/ubuntu/workspace/cst336/projects/final/api/checkLogin.php on line 4
[12-Dec-2018 11:28:41 UTC] PHP Stack trace:
[12-Dec-2018 11:28:41 UTC] PHP   1. {main}() /home/ubuntu/workspace/cst336/projects/final/api/checkLogin.php:0
[12-Dec-2018 11:28:41 UTC] PHP Warning:  include(../../inc/dbConnection.php): failed to open stream: No such file or directory in /home/ubuntu/workspace/cst336/projects/final/api/checkLogin.php on line 3
[12-Dec-2018 11:28:41 UTC] PHP Stack trace:
[12-Dec-2018 11:28:41 UTC] PHP   1. {main}() /home/ubuntu/workspace/cst336/projects/final/api/checkLogin.php:0
[12-Dec-2018 11:28:41 UTC] PHP Warning:  include(): Failed opening '../../inc/dbConnection.php' for inclusion (include_path='.:/usr/share/php:/usr/share/pear') in /home/ubuntu/workspace/cst336/projects/final/api/checkLogin.php on line 3
[12-Dec-2018 11:28:41 UTC] PHP Stack trace:
[12-Dec-2018 11:28:41 UTC] PHP   1. {main}() /home/ubuntu/workspace/cst336/projects/final/api/checkLogin.php:0
[12-Dec-2018 11:28:41 UTC] PHP Fatal error:  Call to undefined function startConnection() in /home/ubuntu/workspace/cst336/projects/final/api/checkLogin.php on line 4
[12-Dec-2018 11:28:41 UTC] PHP Stack trace:
[12-Dec-2018 11:28:41 UTC] PHP   1. {main}() /home/ubuntu/workspace/cst336/projects/final/api/checkLogin.php:0
[12-Dec-2018 11:28:42 UTC] PHP Warning:  include(../../inc/dbConnection.php): failed to open stream: No such file or directory in /home/ubuntu/workspace/cst336/projects/final/api/checkLogin.php on line 3
[12-Dec-2018 11:28:42 UTC] PHP Stack trace:
[12-Dec-2018 11:28:42 UTC] PHP   1. {main}() /home/ubuntu/workspace/cst336/projects/final/api/checkLogin.php:0
[12-Dec-2018 11:28:42 UTC] PHP Warning:  include(): Failed opening '../../inc/dbConnection.php' for inclusion (include_path='.:/usr/share/php:/usr/share/pear') in /home/ubuntu/workspace/cst336/projects/final/api/checkLogin.php on line 3
[12-Dec-2018 11:28:42 UTC] PHP Stack trace:
[12-Dec-2018 11:28:42 UTC] PHP   1. {main}() /home/ubuntu/workspace/cst336/projects/final/api/checkLogin.php:0
[12-Dec-2018 11:28:42 UTC] PHP Fatal error:  Call to undefined function startConnection() in /home/ubuntu/workspace/cst336/projects/final/api/checkLogin.php on line 4
[12-Dec-2018 11:28:42 UTC] PHP Stack trace:
[12-Dec-2018 11:28:42 UTC] PHP   1. {main}() /home/ubuntu/workspace/cst336/projects/final/api/checkLogin.php:0
[12-Dec-2018 11:28:42 UTC] PHP Warning:  include(../../inc/dbConnection.php): failed to open stream: No such file or directory in /home/ubuntu/workspace/cst336/projects/final/api/checkLogin.php on line 3
[12-Dec-2018 11:28:42 UTC] PHP Stack trace:
[12-Dec-2018 11:28:42 UTC] PHP   1. {main}() /home/ubuntu/workspace/cst336/projects/final/api/checkLogin.php:0
[12-Dec-2018 11:28:42 UTC] PHP Warning:  include(): Failed opening '../../inc/dbConnection.php' for inclusion (include_path='.:/usr/share/php:/usr/share/pear') in /home/ubuntu/workspace/cst336/projects/final/api/checkLogin.php on line 3
[12-Dec-2018 11:28:42 UTC] PHP Stack trace:
[12-Dec-2018 11:28:42 UTC] PHP   1. {main}() /home/ubuntu/workspace/cst336/projects/final/api/checkLogin.php:0
[12-Dec-2018 11:28:42 UTC] PHP Fatal error:  Call to undefined function startConnection() in /home/ubuntu/workspace/cst336/projects/final/api/checkLogin.php on line 4
[12-Dec-2018 11:28:42 UTC] PHP Stack trace:
[12-Dec-2018 11:28:42 UTC] PHP   1. {main}() /home/ubuntu/workspace/cst336/projects/final/api/checkLogin.php:0
[12-Dec-2018 11:28:43 UTC] PHP Warning:  include(../../inc/dbConnection.php): failed to open stream: No such file or directory in /home/ubuntu/workspace/cst336/projects/final/api/checkLogin.php on line 3
[12-Dec-2018 11:28:43 UTC] PHP Stack trace:
[12-Dec-2018 11:28:43 UTC] PHP   1. {main}() /home/ubuntu/workspace/cst336/projects/final/api/checkLogin.php:0
[12-Dec-2018 11:28:43 UTC] PHP Warning:  include(): Failed opening '../../inc/dbConnection.php' for inclusion (include_path='.:/usr/share/php:/usr/share/pear') in /home/ubuntu/workspace/cst336/projects/final/api/checkLogin.php on line 3
[12-Dec-2018 11:28:43 UTC] PHP Stack trace:
[12-Dec-2018 11:28:43 UTC] PHP   1. {main}() /home/ubuntu/workspace/cst336/projects/final/api/checkLogin.php:0
[12-Dec-2018 11:28:43 UTC] PHP Fatal error:  Call to undefined function startConnection() in /home/ubuntu/workspace/cst336/projects/final/api/checkLogin.php on line 4
[12-Dec-2018 11:28:43 UTC] PHP Stack trace:
[12-Dec-2018 11:28:43 UTC] PHP   1. {main}() /home/ubuntu/workspace/cst336/projects/final/api/checkLogin.php:0
[12-Dec-2018 11:28:50 UTC] PHP Warning:  include(../../inc/dbConnection.php): failed to open stream: No such file or directory in /home/ubuntu/workspace/cst336/projects/final/api/checkLogin.php on line 3
[12-Dec-2018 11:28:50 UTC] PHP Stack trace:
[12-Dec-2018 11:28:50 UTC] PHP   1. {main}() /home/ubuntu/workspace/cst336/projects/final/api/checkLogin.php:0
[12-Dec-2018 11:28:50 UTC] PHP Warning:  include(): Failed opening '../../inc/dbConnection.php' for inclusion (include_path='.:/usr/share/php:/usr/share/pear') in /home/ubuntu/workspace/cst336/projects/final/api/checkLogin.php on line 3
[12-Dec-2018 11:28:50 UTC] PHP Stack trace:
[12-Dec-2018 11:28:50 UTC] PHP   1. {main}() /home/ubuntu/workspace/cst336/projects/final/api/checkLogin.php:0
[12-Dec-2018 11:28:50 UTC] PHP Fatal error:  Call to undefined function startConnection() in /home/ubuntu/workspace/cst336/projects/final/api/checkLogin.php on line 4
[12-Dec-2018 11:28:50 UTC] PHP Stack trace:
[12-Dec-2018 11:28:50 UTC] PHP   1. {main}() /home/ubuntu/workspace/cst336/projects/final/api/checkLogin.php:0
[12-Dec-2018 11:28:51 UTC] PHP Warning:  include(../../inc/dbConnection.php): failed to open stream: No such file or directory in /home/ubuntu/workspace/cst336/projects/final/api/checkLogin.php on line 3
[12-Dec-2018 11:28:51 UTC] PHP Stack trace:
[12-Dec-2018 11:28:51 UTC] PHP   1. {main}() /home/ubuntu/workspace/cst336/projects/final/api/checkLogin.php:0
[12-Dec-2018 11:28:51 UTC] PHP Warning:  include(): Failed opening '../../inc/dbConnection.php' for inclusion (include_path='.:/usr/share/php:/usr/share/pear') in /home/ubuntu/workspace/cst336/projects/final/api/checkLogin.php on line 3
[12-Dec-2018 11:28:51 UTC] PHP Stack trace:
[12-Dec-2018 11:28:51 UTC] PHP   1. {main}() /home/ubuntu/workspace/cst336/projects/final/api/checkLogin.php:0
[12-Dec-2018 11:28:51 UTC] PHP Fatal error:  Call to undefined function startConnection() in /home/ubuntu/workspace/cst336/projects/final/api/checkLogin.php on line 4
[12-Dec-2018 11:28:51 UTC] PHP Stack trace:
[12-Dec-2018 11:28:51 UTC] PHP   1. {main}() /home/ubuntu/workspace/cst336/projects/final/api/checkLogin.php:0
[12-Dec-2018 11:28:51 UTC] PHP Warning:  include(../../inc/dbConnection.php): failed to open stream: No such file or directory in /home/ubuntu/workspace/cst336/projects/final/api/checkLogin.php on line 3
[12-Dec-2018 11:28:51 UTC] PHP Stack trace:
[12-Dec-2018 11:28:51 UTC] PHP   1. {main}() /home/ubuntu/workspace/cst336/projects/final/api/checkLogin.php:0
[12-Dec-2018 11:28:51 UTC] PHP Warning:  include(): Failed opening '../../inc/dbConnection.php' for inclusion (include_path='.:/usr/share/php:/usr/share/pear') in /home/ubuntu/workspace/cst336/projects/final/api/checkLogin.php on line 3
[12-Dec-2018 11:28:51 UTC] PHP Stack trace:
[12-Dec-2018 11:28:51 UTC] PHP   1. {main}() /home/ubuntu/workspace/cst336/projects/final/api/checkLogin.php:0
[12-Dec-2018 11:28:51 UTC] PHP Fatal error:  Call to undefined function startConnection() in /home/ubuntu/workspace/cst336/projects/final/api/checkLogin.php on line 4
[12-Dec-2018 11:28:51 UTC] PHP Stack trace:
[12-Dec-2018 11:28:51 UTC] PHP   1. {main}() /home/ubuntu/workspace/cst336/projects/final/api/checkLogin.php:0
[12-Dec-2018 11:28:51 UTC] PHP Warning:  include(../../inc/dbConnection.php): failed to open stream: No such file or directory in /home/ubuntu/workspace/cst336/projects/final/api/checkLogin.php on line 3
[12-Dec-2018 11:28:51 UTC] PHP Stack trace:
[12-Dec-2018 11:28:51 UTC] PHP   1. {main}() /home/ubuntu/workspace/cst336/projects/final/api/checkLogin.php:0
[12-Dec-2018 11:28:51 UTC] PHP Warning:  include(): Failed opening '../../inc/dbConnection.php' for inclusion (include_path='.:/usr/share/php:/usr/share/pear') in /home/ubuntu/workspace/cst336/projects/final/api/checkLogin.php on line 3
[12-Dec-2018 11:28:51 UTC] PHP Stack trace:
[12-Dec-2018 11:28:51 UTC] PHP   1. {main}() /home/ubuntu/workspace/cst336/projects/final/api/checkLogin.php:0
[12-Dec-2018 11:28:51 UTC] PHP Fatal error:  Call to undefined function startConnection() in /home/ubuntu/workspace/cst336/projects/final/api/checkLogin.php on line 4
[12-Dec-2018 11:28:51 UTC] PHP Stack trace:
[12-Dec-2018 11:28:51 UTC] PHP   1. {main}() /home/ubuntu/workspace/cst336/projects/final/api/checkLogin.php:0
[12-Dec-2018 11:28:52 UTC] PHP Warning:  include(../../inc/dbConnection.php): failed to open stream: No such file or directory in /home/ubuntu/workspace/cst336/projects/final/api/checkLogin.php on line 3
[12-Dec-2018 11:28:52 UTC] PHP Stack trace:
[12-Dec-2018 11:28:52 UTC] PHP   1. {main}() /home/ubuntu/workspace/cst336/projects/final/api/checkLogin.php:0
[12-Dec-2018 11:28:52 UTC] PHP Warning:  include(): Failed opening '../../inc/dbConnection.php' for inclusion (include_path='.:/usr/share/php:/usr/share/pear') in /home/ubuntu/workspace/cst336/projects/final/api/checkLogin.php on line 3
[12-Dec-2018 11:28:52 UTC] PHP Stack trace:
[12-Dec-2018 11:28:52 UTC] PHP   1. {main}() /home/ubuntu/workspace/cst336/projects/final/api/checkLogin.php:0
[12-Dec-2018 11:28:52 UTC] PHP Fatal error:  Call to undefined function startConnection() in /home/ubuntu/workspace/cst336/projects/final/api/checkLogin.php on line 4
[12-Dec-2018 11:28:52 UTC] PHP Stack trace:
[12-Dec-2018 11:28:52 UTC] PHP   1. {main}() /home/ubuntu/workspace/cst336/projects/final/api/checkLogin.php:0
[12-Dec-2018 11:28:54 UTC] PHP Warning:  include(../../inc/dbConnection.php): failed to open stream: No such file or directory in /home/ubuntu/workspace/cst336/projects/final/api/checkLogin.php on line 3
[12-Dec-2018 11:28:54 UTC] PHP Stack trace:
[12-Dec-2018 11:28:54 UTC] PHP   1. {main}() /home/ubuntu/workspace/cst336/projects/final/api/checkLogin.php:0
[12-Dec-2018 11:28:54 UTC] PHP Warning:  include(): Failed opening '../../inc/dbConnection.php' for inclusion (include_path='.:/usr/share/php:/usr/share/pear') in /home/ubuntu/workspace/cst336/projects/final/api/checkLogin.php on line 3
[12-Dec-2018 11:28:54 UTC] PHP Stack trace:
[12-Dec-2018 11:28:54 UTC] PHP   1. {main}() /home/ubuntu/workspace/cst336/projects/final/api/checkLogin.php:0
[12-Dec-2018 11:28:54 UTC] PHP Fatal error:  Call to undefined function startConnection() in /home/ubuntu/workspace/cst336/projects/final/api/checkLogin.php on line 4
[12-Dec-2018 11:28:54 UTC] PHP Stack trace:
[12-Dec-2018 11:28:54 UTC] PHP   1. {main}() /home/ubuntu/workspace/cst336/projects/final/api/checkLogin.php:0
[12-Dec-2018 11:29:56 UTC] PHP Warning:  include(../../inc/dbConnection.php): failed to open stream: No such file or directory in /home/ubuntu/workspace/cst336/projects/final/api/checkLogin.php on line 3
[12-Dec-2018 11:29:56 UTC] PHP Stack trace:
[12-Dec-2018 11:29:56 UTC] PHP   1. {main}() /home/ubuntu/workspace/cst336/projects/final/api/checkLogin.php:0
[12-Dec-2018 11:29:56 UTC] PHP Warning:  include(): Failed opening '../../inc/dbConnection.php' for inclusion (include_path='.:/usr/share/php:/usr/share/pear') in /home/ubuntu/workspace/cst336/projects/final/api/checkLogin.php on line 3
[12-Dec-2018 11:29:56 UTC] PHP Stack trace:
[12-Dec-2018 11:29:56 UTC] PHP   1. {main}() /home/ubuntu/workspace/cst336/projects/final/api/checkLogin.php:0
[12-Dec-2018 11:29:56 UTC] PHP Fatal error:  Call to undefined function startConnection() in /home/ubuntu/workspace/cst336/projects/final/api/checkLogin.php on line 4
[12-Dec-2018 11:29:56 UTC] PHP Stack trace:
[12-Dec-2018 11:29:56 UTC] PHP   1. {main}() /home/ubuntu/workspace/cst336/projects/final/api/checkLogin.php:0
[12-Dec-2018 11:29:57 UTC] PHP Warning:  include(../../inc/dbConnection.php): failed to open stream: No such file or directory in /home/ubuntu/workspace/cst336/projects/final/api/checkLogin.php on line 3
[12-Dec-2018 11:29:57 UTC] PHP Stack trace:
[12-Dec-2018 11:29:57 UTC] PHP   1. {main}() /home/ubuntu/workspace/cst336/projects/final/api/checkLogin.php:0
[12-Dec-2018 11:29:57 UTC] PHP Warning:  include(): Failed opening '../../inc/dbConnection.php' for inclusion (include_path='.:/usr/share/php:/usr/share/pear') in /home/ubuntu/workspace/cst336/projects/final/api/checkLogin.php on line 3
[12-Dec-2018 11:29:57 UTC] PHP Stack trace:
[12-Dec-2018 11:29:57 UTC] PHP   1. {main}() /home/ubuntu/workspace/cst336/projects/final/api/checkLogin.php:0
[12-Dec-2018 11:29:57 UTC] PHP Fatal error:  Call to undefined function startConnection() in /home/ubuntu/workspace/cst336/projects/final/api/checkLogin.php on line 4
[12-Dec-2018 11:29:57 UTC] PHP Stack trace:
[12-Dec-2018 11:29:57 UTC] PHP   1. {main}() /home/ubuntu/workspace/cst336/projects/final/api/checkLogin.php:0
[12-Dec-2018 11:29:57 UTC] PHP Warning:  include(../../inc/dbConnection.php): failed to open stream: No such file or directory in /home/ubuntu/workspace/cst336/projects/final/api/checkLogin.php on line 3
[12-Dec-2018 11:29:57 UTC] PHP Stack trace:
[12-Dec-2018 11:29:57 UTC] PHP   1. {main}() /home/ubuntu/workspace/cst336/projects/final/api/checkLogin.php:0
[12-Dec-2018 11:29:57 UTC] PHP Warning:  include(): Failed opening '../../inc/dbConnection.php' for inclusion (include_path='.:/usr/share/php:/usr/share/pear') in /home/ubuntu/workspace/cst336/projects/final/api/checkLogin.php on line 3
[12-Dec-2018 11:29:57 UTC] PHP Stack trace:
[12-Dec-2018 11:29:57 UTC] PHP   1. {main}() /home/ubuntu/workspace/cst336/projects/final/api/checkLogin.php:0
[12-Dec-2018 11:29:57 UTC] PHP Fatal error:  Call to undefined function startConnection() in /home/ubuntu/workspace/cst336/projects/final/api/checkLogin.php on line 4
[12-Dec-2018 11:29:57 UTC] PHP Stack trace:
[12-Dec-2018 11:29:57 UTC] PHP   1. {main}() /home/ubuntu/workspace/cst336/projects/final/api/checkLogin.php:0
[12-Dec-2018 11:29:57 UTC] PHP Warning:  include(../../inc/dbConnection.php): failed to open stream: No such file or directory in /home/ubuntu/workspace/cst336/projects/final/api/checkLogin.php on line 3
[12-Dec-2018 11:29:57 UTC] PHP Stack trace:
[12-Dec-2018 11:29:57 UTC] PHP   1. {main}() /home/ubuntu/workspace/cst336/projects/final/api/checkLogin.php:0
[12-Dec-2018 11:29:57 UTC] PHP Warning:  include(): Failed opening '../../inc/dbConnection.php' for inclusion (include_path='.:/usr/share/php:/usr/share/pear') in /home/ubuntu/workspace/cst336/projects/final/api/checkLogin.php on line 3
[12-Dec-2018 11:29:57 UTC] PHP Stack trace:
[12-Dec-2018 11:29:57 UTC] PHP   1. {main}() /home/ubuntu/workspace/cst336/projects/final/api/checkLogin.php:0
[12-Dec-2018 11:29:57 UTC] PHP Fatal error:  Call to undefined function startConnection() in /home/ubuntu/workspace/cst336/projects/final/api/checkLogin.php on line 4
[12-Dec-2018 11:29:57 UTC] PHP Stack trace:
[12-Dec-2018 11:29:57 UTC] PHP   1. {main}() /home/ubuntu/workspace/cst336/projects/final/api/checkLogin.php:0
[12-Dec-2018 11:29:57 UTC] PHP Warning:  include(../../inc/dbConnection.php): failed to open stream: No such file or directory in /home/ubuntu/workspace/cst336/projects/final/api/checkLogin.php on line 3
[12-Dec-2018 11:29:57 UTC] PHP Stack trace:
[12-Dec-2018 11:29:57 UTC] PHP   1. {main}() /home/ubuntu/workspace/cst336/projects/final/api/checkLogin.php:0
[12-Dec-2018 11:29:57 UTC] PHP Warning:  include(): Failed opening '../../inc/dbConnection.php' for inclusion (include_path='.:/usr/share/php:/usr/share/pear') in /home/ubuntu/workspace/cst336/projects/final/api/checkLogin.php on line 3
[12-Dec-2018 11:29:57 UTC] PHP Stack trace:
[12-Dec-2018 11:29:57 UTC] PHP   1. {main}() /home/ubuntu/workspace/cst336/projects/final/api/checkLogin.php:0
[12-Dec-2018 11:29:57 UTC] PHP Fatal error:  Call to undefined function startConnection() in /home/ubuntu/workspace/cst336/projects/final/api/checkLogin.php on line 4
[12-Dec-2018 11:29:57 UTC] PHP Stack trace:
[12-Dec-2018 11:29:57 UTC] PHP   1. {main}() /home/ubuntu/workspace/cst336/projects/final/api/checkLogin.php:0
[12-Dec-2018 11:30:06 UTC] PHP Warning:  include(../../inc/dbConnection.php): failed to open stream: No such file or directory in /home/ubuntu/workspace/cst336/projects/final/api/checkLogin.php on line 3
[12-Dec-2018 11:30:06 UTC] PHP Stack trace:
[12-Dec-2018 11:30:06 UTC] PHP   1. {main}() /home/ubuntu/workspace/cst336/projects/final/api/checkLogin.php:0
[12-Dec-2018 11:30:06 UTC] PHP Warning:  include(): Failed opening '../../inc/dbConnection.php' for inclusion (include_path='.:/usr/share/php:/usr/share/pear') in /home/ubuntu/workspace/cst336/projects/final/api/checkLogin.php on line 3
[12-Dec-2018 11:30:06 UTC] PHP Stack trace:
[12-Dec-2018 11:30:06 UTC] PHP   1. {main}() /home/ubuntu/workspace/cst336/projects/final/api/checkLogin.php:0
[12-Dec-2018 11:30:06 UTC] PHP Fatal error:  Call to undefined function startConnection() in /home/ubuntu/workspace/cst336/projects/final/api/checkLogin.php on line 4
[12-Dec-2018 11:30:06 UTC] PHP Stack trace:
[12-Dec-2018 11:30:06 UTC] PHP   1. {main}() /home/ubuntu/workspace/cst336/projects/final/api/checkLogin.php:0
[12-Dec-2018 11:30:06 UTC] PHP Warning:  include(../../inc/dbConnection.php): failed to open stream: No such file or directory in /home/ubuntu/workspace/cst336/projects/final/api/checkLogin.php on line 3
[12-Dec-2018 11:30:06 UTC] PHP Stack trace:
[12-Dec-2018 11:30:06 UTC] PHP   1. {main}() /home/ubuntu/workspace/cst336/projects/final/api/checkLogin.php:0
[12-Dec-2018 11:30:06 UTC] PHP Warning:  include(): Failed opening '../../inc/dbConnection.php' for inclusion (include_path='.:/usr/share/php:/usr/share/pear') in /home/ubuntu/workspace/cst336/projects/final/api/checkLogin.php on line 3
[12-Dec-2018 11:30:06 UTC] PHP Stack trace:
[12-Dec-2018 11:30:06 UTC] PHP   1. {main}() /home/ubuntu/workspace/cst336/projects/final/api/checkLogin.php:0
[12-Dec-2018 11:30:06 UTC] PHP Fatal error:  Call to undefined function startConnection() in /home/ubuntu/workspace/cst336/projects/final/api/checkLogin.php on line 4
[12-Dec-2018 11:30:06 UTC] PHP Stack trace:
[12-Dec-2018 11:30:06 UTC] PHP   1. {main}() /home/ubuntu/workspace/cst336/projects/final/api/checkLogin.php:0
[12-Dec-2018 11:30:07 UTC] PHP Warning:  include(../../inc/dbConnection.php): failed to open stream: No such file or directory in /home/ubuntu/workspace/cst336/projects/final/api/checkLogin.php on line 3
[12-Dec-2018 11:30:07 UTC] PHP Stack trace:
[12-Dec-2018 11:30:07 UTC] PHP   1. {main}() /home/ubuntu/workspace/cst336/projects/final/api/checkLogin.php:0
[12-Dec-2018 11:30:07 UTC] PHP Warning:  include(): Failed opening '../../inc/dbConnection.php' for inclusion (include_path='.:/usr/share/php:/usr/share/pear') in /home/ubuntu/workspace/cst336/projects/final/api/checkLogin.php on line 3
[12-Dec-2018 11:30:07 UTC] PHP Stack trace:
[12-Dec-2018 11:30:07 UTC] PHP   1. {main}() /home/ubuntu/workspace/cst336/projects/final/api/checkLogin.php:0
[12-Dec-2018 11:30:07 UTC] PHP Fatal error:  Call to undefined function startConnection() in /home/ubuntu/workspace/cst336/projects/final/api/checkLogin.php on line 4
[12-Dec-2018 11:30:07 UTC] PHP Stack trace:
[12-Dec-2018 11:30:07 UTC] PHP   1. {main}() /home/ubuntu/workspace/cst336/projects/final/api/checkLogin.php:0
[12-Dec-2018 11:30:07 UTC] PHP Warning:  include(../../inc/dbConnection.php): failed to open stream: No such file or directory in /home/ubuntu/workspace/cst336/projects/final/api/checkLogin.php on line 3
[12-Dec-2018 11:30:07 UTC] PHP Stack trace:
[12-Dec-2018 11:30:07 UTC] PHP   1. {main}() /home/ubuntu/workspace/cst336/projects/final/api/checkLogin.php:0
[12-Dec-2018 11:30:07 UTC] PHP Warning:  include(): Failed opening '../../inc/dbConnection.php' for inclusion (include_path='.:/usr/share/php:/usr/share/pear') in /home/ubuntu/workspace/cst336/projects/final/api/checkLogin.php on line 3
[12-Dec-2018 11:30:07 UTC] PHP Stack trace:
[12-Dec-2018 11:30:07 UTC] PHP   1. {main}() /home/ubuntu/workspace/cst336/projects/final/api/checkLogin.php:0
[12-Dec-2018 11:30:07 UTC] PHP Fatal error:  Call to undefined function startConnection() in /home/ubuntu/workspace/cst336/projects/final/api/checkLogin.php on line 4
[12-Dec-2018 11:30:07 UTC] PHP Stack trace:
[12-Dec-2018 11:30:07 UTC] PHP   1. {main}() /home/ubuntu/workspace/cst336/projects/final/api/checkLogin.php:0
[12-Dec-2018 11:30:07 UTC] PHP Warning:  include(../../inc/dbConnection.php): failed to open stream: No such file or directory in /home/ubuntu/workspace/cst336/projects/final/api/checkLogin.php on line 3
[12-Dec-2018 11:30:07 UTC] PHP Stack trace:
[12-Dec-2018 11:30:07 UTC] PHP   1. {main}() /home/ubuntu/workspace/cst336/projects/final/api/checkLogin.php:0
[12-Dec-2018 11:30:07 UTC] PHP Warning:  include(): Failed opening '../../inc/dbConnection.php' for inclusion (include_path='.:/usr/share/php:/usr/share/pear') in /home/ubuntu/workspace/cst336/projects/final/api/checkLogin.php on line 3
[12-Dec-2018 11:30:07 UTC] PHP Stack trace:
[12-Dec-2018 11:30:07 UTC] PHP   1. {main}() /home/ubuntu/workspace/cst336/projects/final/api/checkLogin.php:0
[12-Dec-2018 11:30:07 UTC] PHP Fatal error:  Call to undefined function startConnection() in /home/ubuntu/workspace/cst336/projects/final/api/checkLogin.php on line 4
[12-Dec-2018 11:30:07 UTC] PHP Stack trace:
[12-Dec-2018 11:30:07 UTC] PHP   1. {main}() /home/ubuntu/workspace/cst336/projects/final/api/checkLogin.php:0
[12-Dec-2018 11:30:08 UTC] PHP Warning:  include(../../inc/dbConnection.php): failed to open stream: No such file or directory in /home/ubuntu/workspace/cst336/projects/final/api/checkLogin.php on line 3
[12-Dec-2018 11:30:08 UTC] PHP Stack trace:
[12-Dec-2018 11:30:08 UTC] PHP   1. {main}() /home/ubuntu/workspace/cst336/projects/final/api/checkLogin.php:0
[12-Dec-2018 11:30:08 UTC] PHP Warning:  include(): Failed opening '../../inc/dbConnection.php' for inclusion (include_path='.:/usr/share/php:/usr/share/pear') in /home/ubuntu/workspace/cst336/projects/final/api/checkLogin.php on line 3
[12-Dec-2018 11:30:08 UTC] PHP Stack trace:
[12-Dec-2018 11:30:08 UTC] PHP   1. {main}() /home/ubuntu/workspace/cst336/projects/final/api/checkLogin.php:0
[12-Dec-2018 11:30:08 UTC] PHP Fatal error:  Call to undefined function startConnection() in /home/ubuntu/workspace/cst336/projects/final/api/checkLogin.php on line 4
[12-Dec-2018 11:30:08 UTC] PHP Stack trace:
[12-Dec-2018 11:30:08 UTC] PHP   1. {main}() /home/ubuntu/workspace/cst336/projects/final/api/checkLogin.php:0
[12-Dec-2018 11:30:08 UTC] PHP Warning:  include(../../inc/dbConnection.php): failed to open stream: No such file or directory in /home/ubuntu/workspace/cst336/projects/final/api/checkLogin.php on line 3
[12-Dec-2018 11:30:08 UTC] PHP Stack trace:
[12-Dec-2018 11:30:08 UTC] PHP   1. {main}() /home/ubuntu/workspace/cst336/projects/final/api/checkLogin.php:0
[12-Dec-2018 11:30:08 UTC] PHP Warning:  include(): Failed opening '../../inc/dbConnection.php' for inclusion (include_path='.:/usr/share/php:/usr/share/pear') in /home/ubuntu/workspace/cst336/projects/final/api/checkLogin.php on line 3
[12-Dec-2018 11:30:08 UTC] PHP Stack trace:
[12-Dec-2018 11:30:08 UTC] PHP   1. {main}() /home/ubuntu/workspace/cst336/projects/final/api/checkLogin.php:0
[12-Dec-2018 11:30:08 UTC] PHP Fatal error:  Call to undefined function startConnection() in /home/ubuntu/workspace/cst336/projects/final/api/checkLogin.php on line 4
[12-Dec-2018 11:30:08 UTC] PHP Stack trace:
[12-Dec-2018 11:30:08 UTC] PHP   1. {main}() /home/ubuntu/workspace/cst336/projects/final/api/checkLogin.php:0
[12-Dec-2018 11:30:08 UTC] PHP Warning:  include(../../inc/dbConnection.php): failed to open stream: No such file or directory in /home/ubuntu/workspace/cst336/projects/final/api/checkLogin.php on line 3
[12-Dec-2018 11:30:08 UTC] PHP Stack trace:
[12-Dec-2018 11:30:08 UTC] PHP   1. {main}() /home/ubuntu/workspace/cst336/projects/final/api/checkLogin.php:0
[12-Dec-2018 11:30:08 UTC] PHP Warning:  include(): Failed opening '../../inc/dbConnection.php' for inclusion (include_path='.:/usr/share/php:/usr/share/pear') in /home/ubuntu/workspace/cst336/projects/final/api/checkLogin.php on line 3
[12-Dec-2018 11:30:08 UTC] PHP Stack trace:
[12-Dec-2018 11:30:08 UTC] PHP   1. {main}() /home/ubuntu/workspace/cst336/projects/final/api/checkLogin.php:0
[12-Dec-2018 11:30:08 UTC] PHP Fatal error:  Call to undefined function startConnection() in /home/ubuntu/workspace/cst336/projects/final/api/checkLogin.php on line 4
[12-Dec-2018 11:30:08 UTC] PHP Stack trace:
[12-Dec-2018 11:30:08 UTC] PHP   1. {main}() /home/ubuntu/workspace/cst336/projects/final/api/checkLogin.php:0
[12-Dec-2018 11:30:08 UTC] PHP Warning:  include(../../inc/dbConnection.php): failed to open stream: No such file or directory in /home/ubuntu/workspace/cst336/projects/final/api/checkLogin.php on line 3
[12-Dec-2018 11:30:08 UTC] PHP Stack trace:
[12-Dec-2018 11:30:08 UTC] PHP   1. {main}() /home/ubuntu/workspace/cst336/projects/final/api/checkLogin.php:0
[12-Dec-2018 11:30:08 UTC] PHP Warning:  include(): Failed opening '../../inc/dbConnection.php' for inclusion (include_path='.:/usr/share/php:/usr/share/pear') in /home/ubuntu/workspace/cst336/projects/final/api/checkLogin.php on line 3
[12-Dec-2018 11:30:08 UTC] PHP Stack trace:
[12-Dec-2018 11:30:08 UTC] PHP   1. {main}() /home/ubuntu/workspace/cst336/projects/final/api/checkLogin.php:0
[12-Dec-2018 11:30:08 UTC] PHP Fatal error:  Call to undefined function startConnection() in /home/ubuntu/workspace/cst336/projects/final/api/checkLogin.php on line 4
[12-Dec-2018 11:30:08 UTC] PHP Stack trace:
[12-Dec-2018 11:30:08 UTC] PHP   1. {main}() /home/ubuntu/workspace/cst336/projects/final/api/checkLogin.php:0
[12-Dec-2018 11:30:08 UTC] PHP Warning:  include(../../inc/dbConnection.php): failed to open stream: No such file or directory in /home/ubuntu/workspace/cst336/projects/final/api/checkLogin.php on line 3
[12-Dec-2018 11:30:08 UTC] PHP Stack trace:
[12-Dec-2018 11:30:08 UTC] PHP   1. {main}() /home/ubuntu/workspace/cst336/projects/final/api/checkLogin.php:0
[12-Dec-2018 11:30:08 UTC] PHP Warning:  include(): Failed opening '../../inc/dbConnection.php' for inclusion (include_path='.:/usr/share/php:/usr/share/pear') in /home/ubuntu/workspace/cst336/projects/final/api/checkLogin.php on line 3
[12-Dec-2018 11:30:08 UTC] PHP Stack trace:
[12-Dec-2018 11:30:08 UTC] PHP   1. {main}() /home/ubuntu/workspace/cst336/projects/final/api/checkLogin.php:0
[12-Dec-2018 11:30:08 UTC] PHP Fatal error:  Call to undefined function startConnection() in /home/ubuntu/workspace/cst336/projects/final/api/checkLogin.php on line 4
[12-Dec-2018 11:30:08 UTC] PHP Stack trace:
[12-Dec-2018 11:30:08 UTC] PHP   1. {main}() /home/ubuntu/workspace/cst336/projects/final/api/checkLogin.php:0
[12-Dec-2018 11:30:11 UTC] PHP Warning:  include(../../inc/dbConnection.php): failed to open stream: No such file or directory in /home/ubuntu/workspace/cst336/projects/final/api/checkLogin.php on line 3
[12-Dec-2018 11:30:11 UTC] PHP Stack trace:
[12-Dec-2018 11:30:11 UTC] PHP   1. {main}() /home/ubuntu/workspace/cst336/projects/final/api/checkLogin.php:0
[12-Dec-2018 11:30:11 UTC] PHP Warning:  include(): Failed opening '../../inc/dbConnection.php' for inclusion (include_path='.:/usr/share/php:/usr/share/pear') in /home/ubuntu/workspace/cst336/projects/final/api/checkLogin.php on line 3
[12-Dec-2018 11:30:11 UTC] PHP Stack trace:
[12-Dec-2018 11:30:11 UTC] PHP   1. {main}() /home/ubuntu/workspace/cst336/projects/final/api/checkLogin.php:0
[12-Dec-2018 11:30:11 UTC] PHP Fatal error:  Call to undefined function startConnection() in /home/ubuntu/workspace/cst336/projects/final/api/checkLogin.php on line 4
[12-Dec-2018 11:30:11 UTC] PHP Stack trace:
[12-Dec-2018 11:30:11 UTC] PHP   1. {main}() /home/ubuntu/workspace/cst336/projects/final/api/checkLogin.php:0
[12-Dec-2018 11:30:12 UTC] PHP Warning:  include(../../inc/dbConnection.php): failed to open stream: No such file or directory in /home/ubuntu/workspace/cst336/projects/final/api/checkLogin.php on line 3
[12-Dec-2018 11:30:12 UTC] PHP Stack trace:
[12-Dec-2018 11:30:12 UTC] PHP   1. {main}() /home/ubuntu/workspace/cst336/projects/final/api/checkLogin.php:0
[12-Dec-2018 11:30:12 UTC] PHP Warning:  include(): Failed opening '../../inc/dbConnection.php' for inclusion (include_path='.:/usr/share/php:/usr/share/pear') in /home/ubuntu/workspace/cst336/projects/final/api/checkLogin.php on line 3
[12-Dec-2018 11:30:12 UTC] PHP Stack trace:
[12-Dec-2018 11:30:12 UTC] PHP   1. {main}() /home/ubuntu/workspace/cst336/projects/final/api/checkLogin.php:0
[12-Dec-2018 11:30:12 UTC] PHP Fatal error:  Call to undefined function startConnection() in /home/ubuntu/workspace/cst336/projects/final/api/checkLogin.php on line 4
[12-Dec-2018 11:30:12 UTC] PHP Stack trace:
[12-Dec-2018 11:30:12 UTC] PHP   1. {main}() /home/ubuntu/workspace/cst336/projects/final/api/checkLogin.php:0
[12-Dec-2018 11:30:12 UTC] PHP Warning:  include(../../inc/dbConnection.php): failed to open stream: No such file or directory in /home/ubuntu/workspace/cst336/projects/final/api/checkLogin.php on line 3
[12-Dec-2018 11:30:12 UTC] PHP Stack trace:
[12-Dec-2018 11:30:12 UTC] PHP   1. {main}() /home/ubuntu/workspace/cst336/projects/final/api/checkLogin.php:0
[12-Dec-2018 11:30:12 UTC] PHP Warning:  include(): Failed opening '../../inc/dbConnection.php' for inclusion (include_path='.:/usr/share/php:/usr/share/pear') in /home/ubuntu/workspace/cst336/projects/final/api/checkLogin.php on line 3
[12-Dec-2018 11:30:12 UTC] PHP Stack trace:
[12-Dec-2018 11:30:12 UTC] PHP   1. {main}() /home/ubuntu/workspace/cst336/projects/final/api/checkLogin.php:0
[12-Dec-2018 11:30:12 UTC] PHP Fatal error:  Call to undefined function startConnection() in /home/ubuntu/workspace/cst336/projects/final/api/checkLogin.php on line 4
[12-Dec-2018 11:30:12 UTC] PHP Stack trace:
[12-Dec-2018 11:30:12 UTC] PHP   1. {main}() /home/ubuntu/workspace/cst336/projects/final/api/checkLogin.php:0
[12-Dec-2018 11:30:12 UTC] PHP Warning:  include(../../inc/dbConnection.php): failed to open stream: No such file or directory in /home/ubuntu/workspace/cst336/projects/final/api/checkLogin.php on line 3
[12-Dec-2018 11:30:12 UTC] PHP Stack trace:
[12-Dec-2018 11:30:12 UTC] PHP   1. {main}() /home/ubuntu/workspace/cst336/projects/final/api/checkLogin.php:0
[12-Dec-2018 11:30:12 UTC] PHP Warning:  include(): Failed opening '../../inc/dbConnection.php' for inclusion (include_path='.:/usr/share/php:/usr/share/pear') in /home/ubuntu/workspace/cst336/projects/final/api/checkLogin.php on line 3
[12-Dec-2018 11:30:12 UTC] PHP Stack trace:
[12-Dec-2018 11:30:12 UTC] PHP   1. {main}() /home/ubuntu/workspace/cst336/projects/final/api/checkLogin.php:0
[12-Dec-2018 11:30:12 UTC] PHP Fatal error:  Call to undefined function startConnection() in /home/ubuntu/workspace/cst336/projects/final/api/checkLogin.php on line 4
[12-Dec-2018 11:30:12 UTC] PHP Stack trace:
[12-Dec-2018 11:30:12 UTC] PHP   1. {main}() /home/ubuntu/workspace/cst336/projects/final/api/checkLogin.php:0
[12-Dec-2018 11:30:13 UTC] PHP Warning:  include(../../inc/dbConnection.php): failed to open stream: No such file or directory in /home/ubuntu/workspace/cst336/projects/final/api/checkLogin.php on line 3
[12-Dec-2018 11:30:13 UTC] PHP Stack trace:
[12-Dec-2018 11:30:13 UTC] PHP   1. {main}() /home/ubuntu/workspace/cst336/projects/final/api/checkLogin.php:0
[12-Dec-2018 11:30:13 UTC] PHP Warning:  include(): Failed opening '../../inc/dbConnection.php' for inclusion (include_path='.:/usr/share/php:/usr/share/pear') in /home/ubuntu/workspace/cst336/projects/final/api/checkLogin.php on line 3
[12-Dec-2018 11:30:13 UTC] PHP Stack trace:
[12-Dec-2018 11:30:13 UTC] PHP   1. {main}() /home/ubuntu/workspace/cst336/projects/final/api/checkLogin.php:0
[12-Dec-2018 11:30:13 UTC] PHP Fatal error:  Call to undefined function startConnection() in /home/ubuntu/workspace/cst336/projects/final/api/checkLogin.php on line 4
[12-Dec-2018 11:30:13 UTC] PHP Stack trace:
[12-Dec-2018 11:30:13 UTC] PHP   1. {main}() /home/ubuntu/workspace/cst336/projects/final/api/checkLogin.php:0
[12-Dec-2018 11:30:13 UTC] PHP Warning:  include(../../inc/dbConnection.php): failed to open stream: No such file or directory in /home/ubuntu/workspace/cst336/projects/final/api/checkLogin.php on line 3
[12-Dec-2018 11:30:13 UTC] PHP Stack trace:
[12-Dec-2018 11:30:13 UTC] PHP   1. {main}() /home/ubuntu/workspace/cst336/projects/final/api/checkLogin.php:0
[12-Dec-2018 11:30:13 UTC] PHP Warning:  include(): Failed opening '../../inc/dbConnection.php' for inclusion (include_path='.:/usr/share/php:/usr/share/pear') in /home/ubuntu/workspace/cst336/projects/final/api/checkLogin.php on line 3
[12-Dec-2018 11:30:13 UTC] PHP Stack trace:
[12-Dec-2018 11:30:13 UTC] PHP   1. {main}() /home/ubuntu/workspace/cst336/projects/final/api/checkLogin.php:0
[12-Dec-2018 11:30:13 UTC] PHP Fatal error:  Call to undefined function startConnection() in /home/ubuntu/workspace/cst336/projects/final/api/checkLogin.php on line 4
[12-Dec-2018 11:30:13 UTC] PHP Stack trace:
[12-Dec-2018 11:30:13 UTC] PHP   1. {main}() /home/ubuntu/workspace/cst336/projects/final/api/checkLogin.php:0
[12-Dec-2018 11:31:26 UTC] PHP Warning:  include(../../inc/dbConnection.php): failed to open stream: No such file or directory in /home/ubuntu/workspace/cst336/projects/final/api/checkLogin.php on line 3
[12-Dec-2018 11:31:26 UTC] PHP Stack trace:
[12-Dec-2018 11:31:26 UTC] PHP   1. {main}() /home/ubuntu/workspace/cst336/projects/final/api/checkLogin.php:0
[12-Dec-2018 11:31:26 UTC] PHP Warning:  include(): Failed opening '../../inc/dbConnection.php' for inclusion (include_path='.:/usr/share/php:/usr/share/pear') in /home/ubuntu/workspace/cst336/projects/final/api/checkLogin.php on line 3
[12-Dec-2018 11:31:26 UTC] PHP Stack trace:
[12-Dec-2018 11:31:26 UTC] PHP   1. {main}() /home/ubuntu/workspace/cst336/projects/final/api/checkLogin.php:0
[12-Dec-2018 11:31:26 UTC] PHP Fatal error:  Call to undefined function startConnection() in /home/ubuntu/workspace/cst336/projects/final/api/checkLogin.php on line 4
[12-Dec-2018 11:31:26 UTC] PHP Stack trace:
[12-Dec-2018 11:31:26 UTC] PHP   1. {main}() /home/ubuntu/workspace/cst336/projects/final/api/checkLogin.php:0
[12-Dec-2018 11:31:27 UTC] PHP Warning:  include(../../inc/dbConnection.php): failed to open stream: No such file or directory in /home/ubuntu/workspace/cst336/projects/final/api/checkLogin.php on line 3
[12-Dec-2018 11:31:27 UTC] PHP Stack trace:
[12-Dec-2018 11:31:27 UTC] PHP   1. {main}() /home/ubuntu/workspace/cst336/projects/final/api/checkLogin.php:0
[12-Dec-2018 11:31:27 UTC] PHP Warning:  include(): Failed opening '../../inc/dbConnection.php' for inclusion (include_path='.:/usr/share/php:/usr/share/pear') in /home/ubuntu/workspace/cst336/projects/final/api/checkLogin.php on line 3
[12-Dec-2018 11:31:27 UTC] PHP Stack trace:
[12-Dec-2018 11:31:27 UTC] PHP   1. {main}() /home/ubuntu/workspace/cst336/projects/final/api/checkLogin.php:0
[12-Dec-2018 11:31:27 UTC] PHP Fatal error:  Call to undefined function startConnection() in /home/ubuntu/workspace/cst336/projects/final/api/checkLogin.php on line 4
[12-Dec-2018 11:31:27 UTC] PHP Stack trace:
[12-Dec-2018 11:31:27 UTC] PHP   1. {main}() /home/ubuntu/workspace/cst336/projects/final/api/checkLogin.php:0
[12-Dec-2018 11:31:27 UTC] PHP Warning:  include(../../inc/dbConnection.php): failed to open stream: No such file or directory in /home/ubuntu/workspace/cst336/projects/final/api/checkLogin.php on line 3
[12-Dec-2018 11:31:27 UTC] PHP Stack trace:
[12-Dec-2018 11:31:27 UTC] PHP   1. {main}() /home/ubuntu/workspace/cst336/projects/final/api/checkLogin.php:0
[12-Dec-2018 11:31:27 UTC] PHP Warning:  include(): Failed opening '../../inc/dbConnection.php' for inclusion (include_path='.:/usr/share/php:/usr/share/pear') in /home/ubuntu/workspace/cst336/projects/final/api/checkLogin.php on line 3
[12-Dec-2018 11:31:27 UTC] PHP Stack trace:
[12-Dec-2018 11:31:27 UTC] PHP   1. {main}() /home/ubuntu/workspace/cst336/projects/final/api/checkLogin.php:0
[12-Dec-2018 11:31:27 UTC] PHP Fatal error:  Call to undefined function startConnection() in /home/ubuntu/workspace/cst336/projects/final/api/checkLogin.php on line 4
[12-Dec-2018 11:31:27 UTC] PHP Stack trace:
[12-Dec-2018 11:31:27 UTC] PHP   1. {main}() /home/ubuntu/workspace/cst336/projects/final/api/checkLogin.php:0
[12-Dec-2018 11:31:28 UTC] PHP Warning:  include(../../inc/dbConnection.php): failed to open stream: No such file or directory in /home/ubuntu/workspace/cst336/projects/final/api/checkLogin.php on line 3
[12-Dec-2018 11:31:28 UTC] PHP Stack trace:
[12-Dec-2018 11:31:28 UTC] PHP   1. {main}() /home/ubuntu/workspace/cst336/projects/final/api/checkLogin.php:0
[12-Dec-2018 11:31:28 UTC] PHP Warning:  include(): Failed opening '../../inc/dbConnection.php' for inclusion (include_path='.:/usr/share/php:/usr/share/pear') in /home/ubuntu/workspace/cst336/projects/final/api/checkLogin.php on line 3
[12-Dec-2018 11:31:28 UTC] PHP Stack trace:
[12-Dec-2018 11:31:28 UTC] PHP   1. {main}() /home/ubuntu/workspace/cst336/projects/final/api/checkLogin.php:0
[12-Dec-2018 11:31:28 UTC] PHP Fatal error:  Call to undefined function startConnection() in /home/ubuntu/workspace/cst336/projects/final/api/checkLogin.php on line 4
[12-Dec-2018 11:31:28 UTC] PHP Stack trace:
[12-Dec-2018 11:31:28 UTC] PHP   1. {main}() /home/ubuntu/workspace/cst336/projects/final/api/checkLogin.php:0
[12-Dec-2018 11:31:28 UTC] PHP Warning:  include(../../inc/dbConnection.php): failed to open stream: No such file or directory in /home/ubuntu/workspace/cst336/projects/final/api/checkLogin.php on line 3
[12-Dec-2018 11:31:28 UTC] PHP Stack trace:
[12-Dec-2018 11:31:28 UTC] PHP   1. {main}() /home/ubuntu/workspace/cst336/projects/final/api/checkLogin.php:0
[12-Dec-2018 11:31:28 UTC] PHP Warning:  include(): Failed opening '../../inc/dbConnection.php' for inclusion (include_path='.:/usr/share/php:/usr/share/pear') in /home/ubuntu/workspace/cst336/projects/final/api/checkLogin.php on line 3
[12-Dec-2018 11:31:28 UTC] PHP Stack trace:
[12-Dec-2018 11:31:28 UTC] PHP   1. {main}() /home/ubuntu/workspace/cst336/projects/final/api/checkLogin.php:0
[12-Dec-2018 11:31:28 UTC] PHP Fatal error:  Call to undefined function startConnection() in /home/ubuntu/workspace/cst336/projects/final/api/checkLogin.php on line 4
[12-Dec-2018 11:31:28 UTC] PHP Stack trace:
[12-Dec-2018 11:31:28 UTC] PHP   1. {main}() /home/ubuntu/workspace/cst336/projects/final/api/checkLogin.php:0
[12-Dec-2018 11:31:28 UTC] PHP Warning:  include(../../inc/dbConnection.php): failed to open stream: No such file or directory in /home/ubuntu/workspace/cst336/projects/final/api/checkLogin.php on line 3
[12-Dec-2018 11:31:28 UTC] PHP Stack trace:
[12-Dec-2018 11:31:28 UTC] PHP   1. {main}() /home/ubuntu/workspace/cst336/projects/final/api/checkLogin.php:0
[12-Dec-2018 11:31:28 UTC] PHP Warning:  include(): Failed opening '../../inc/dbConnection.php' for inclusion (include_path='.:/usr/share/php:/usr/share/pear') in /home/ubuntu/workspace/cst336/projects/final/api/checkLogin.php on line 3
[12-Dec-2018 11:31:28 UTC] PHP Stack trace:
[12-Dec-2018 11:31:28 UTC] PHP   1. {main}() /home/ubuntu/workspace/cst336/projects/final/api/checkLogin.php:0
[12-Dec-2018 11:31:28 UTC] PHP Fatal error:  Call to undefined function startConnection() in /home/ubuntu/workspace/cst336/projects/final/api/checkLogin.php on line 4
[12-Dec-2018 11:31:28 UTC] PHP Stack trace:
[12-Dec-2018 11:31:28 UTC] PHP   1. {main}() /home/ubuntu/workspace/cst336/projects/final/api/checkLogin.php:0
[12-Dec-2018 11:31:28 UTC] PHP Warning:  include(../../inc/dbConnection.php): failed to open stream: No such file or directory in /home/ubuntu/workspace/cst336/projects/final/api/checkLogin.php on line 3
[12-Dec-2018 11:31:28 UTC] PHP Stack trace:
[12-Dec-2018 11:31:28 UTC] PHP   1. {main}() /home/ubuntu/workspace/cst336/projects/final/api/checkLogin.php:0
[12-Dec-2018 11:31:28 UTC] PHP Warning:  include(): Failed opening '../../inc/dbConnection.php' for inclusion (include_path='.:/usr/share/php:/usr/share/pear') in /home/ubuntu/workspace/cst336/projects/final/api/checkLogin.php on line 3
[12-Dec-2018 11:31:28 UTC] PHP Stack trace:
[12-Dec-2018 11:31:28 UTC] PHP   1. {main}() /home/ubuntu/workspace/cst336/projects/final/api/checkLogin.php:0
[12-Dec-2018 11:31:28 UTC] PHP Fatal error:  Call to undefined function startConnection() in /home/ubuntu/workspace/cst336/projects/final/api/checkLogin.php on line 4
[12-Dec-2018 11:31:28 UTC] PHP Stack trace:
[12-Dec-2018 11:31:28 UTC] PHP   1. {main}() /home/ubuntu/workspace/cst336/projects/final/api/checkLogin.php:0
[12-Dec-2018 11:31:29 UTC] PHP Warning:  include(../../inc/dbConnection.php): failed to open stream: No such file or directory in /home/ubuntu/workspace/cst336/projects/final/api/checkLogin.php on line 3
[12-Dec-2018 11:31:29 UTC] PHP Stack trace:
[12-Dec-2018 11:31:29 UTC] PHP   1. {main}() /home/ubuntu/workspace/cst336/projects/final/api/checkLogin.php:0
[12-Dec-2018 11:31:29 UTC] PHP Warning:  include(): Failed opening '../../inc/dbConnection.php' for inclusion (include_path='.:/usr/share/php:/usr/share/pear') in /home/ubuntu/workspace/cst336/projects/final/api/checkLogin.php on line 3
[12-Dec-2018 11:31:29 UTC] PHP Stack trace:
[12-Dec-2018 11:31:29 UTC] PHP   1. {main}() /home/ubuntu/workspace/cst336/projects/final/api/checkLogin.php:0
[12-Dec-2018 11:31:29 UTC] PHP Fatal error:  Call to undefined function startConnection() in /home/ubuntu/workspace/cst336/projects/final/api/checkLogin.php on line 4
[12-Dec-2018 11:31:29 UTC] PHP Stack trace:
[12-Dec-2018 11:31:29 UTC] PHP   1. {main}() /home/ubuntu/workspace/cst336/projects/final/api/checkLogin.php:0
[12-Dec-2018 11:31:51 UTC] PHP Warning:  include(../../inc/dbConnection.php): failed to open stream: No such file or directory in /home/ubuntu/workspace/cst336/projects/final/api/checkLogin.php on line 3
[12-Dec-2018 11:31:51 UTC] PHP Stack trace:
[12-Dec-2018 11:31:51 UTC] PHP   1. {main}() /home/ubuntu/workspace/cst336/projects/final/api/checkLogin.php:0
[12-Dec-2018 11:31:51 UTC] PHP Warning:  include(): Failed opening '../../inc/dbConnection.php' for inclusion (include_path='.:/usr/share/php:/usr/share/pear') in /home/ubuntu/workspace/cst336/projects/final/api/checkLogin.php on line 3
[12-Dec-2018 11:31:51 UTC] PHP Stack trace:
[12-Dec-2018 11:31:51 UTC] PHP   1. {main}() /home/ubuntu/workspace/cst336/projects/final/api/checkLogin.php:0
[12-Dec-2018 11:31:51 UTC] PHP Fatal error:  Call to undefined function startConnection() in /home/ubuntu/workspace/cst336/projects/final/api/checkLogin.php on line 4
[12-Dec-2018 11:31:51 UTC] PHP Stack trace:
[12-Dec-2018 11:31:51 UTC] PHP   1. {main}() /home/ubuntu/workspace/cst336/projects/final/api/checkLogin.php:0
[12-Dec-2018 16:53:27 UTC] PHP Fatal error:  Uncaught exception 'PDOException' with message 'SQLSTATE[42000]: Syntax error or access violation: 1064 You have an error in your SQL syntax; check the manual that corresponds to your MySQL server version for the right syntax to use near ') 
        FROM users' at line 1' in /home/ubuntu/workspace/cst336/projects/final/api/userTotal.php:13
Stack trace:
#0 /home/ubuntu/workspace/cst336/projects/final/api/userTotal.php(13): PDOStatement->execute()
#1 {main}
  thrown in /home/ubuntu/workspace/cst336/projects/final/api/userTotal.php on line 13
[12-Dec-2018 16:53:33 UTC] PHP Fatal error:  Uncaught exception 'PDOException' with message 'SQLSTATE[42000]: Syntax error or access violation: 1064 You have an error in your SQL syntax; check the manual that corresponds to your MySQL server version for the right syntax to use near ') 
        FROM users' at line 1' in /home/ubuntu/workspace/cst336/projects/final/api/userTotal.php:13
Stack trace:
#0 /home/ubuntu/workspace/cst336/projects/final/api/userTotal.php(13): PDOStatement->execute()
#1 {main}
  thrown in /home/ubuntu/workspace/cst336/projects/final/api/userTotal.php on line 13
[12-Dec-2018 16:54:29 UTC] PHP Fatal error:  Uncaught exception 'PDOException' with message 'SQLSTATE[42000]: Syntax error or access violation: 1064 You have an error in your SQL syntax; check the manual that corresponds to your MySQL server version for the right syntax to use near ') 
        FROM users' at line 1' in /home/ubuntu/workspace/cst336/projects/final/api/userTotal.php:13
Stack trace:
#0 /home/ubuntu/workspace/cst336/projects/final/api/userTotal.php(13): PDOStatement->execute()
#1 {main}
  thrown in /home/ubuntu/workspace/cst336/projects/final/api/userTotal.php on line 13
[12-Dec-2018 16:56:51 UTC] PHP Fatal error:  Uncaught exception 'PDOException' with message 'SQLSTATE[42000]: Syntax error or access violation: 1064 You have an error in your SQL syntax; check the manual that corresponds to your MySQL server version for the right syntax to use near ') 
        FROM users' at line 1' in /home/ubuntu/workspace/cst336/projects/final/api/userTotal.php:13
Stack trace:
#0 /home/ubuntu/workspace/cst336/projects/final/api/userTotal.php(13): PDOStatement->execute()
#1 {main}
  thrown in /home/ubuntu/workspace/cst336/projects/final/api/userTotal.php on line 13
[12-Dec-2018 20:09:24 UTC] PHP Fatal error:  Uncaught exception 'PDOException' with message 'SQLSTATE[42000]: Syntax error or access violation: 1064 You have an error in your SQL syntax; check the manual that corresponds to your MySQL server version for the right syntax to use near 'WHERE blogId = ''' at line 2' in /home/ubuntu/workspace/cst336/projects/final/api/delete.php:15
Stack trace:
#0 /home/ubuntu/workspace/cst336/projects/final/api/delete.php(15): PDOStatement->execute(Array)
#1 {main}
  thrown in /home/ubuntu/workspace/cst336/projects/final/api/delete.php on line 15
[12-Dec-2018 20:09:26 UTC] PHP Fatal error:  Uncaught exception 'PDOException' with message 'SQLSTATE[42000]: Syntax error or access violation: 1064 You have an error in your SQL syntax; check the manual that corresponds to your MySQL server version for the right syntax to use near 'WHERE blogId = ''' at line 2' in /home/ubuntu/workspace/cst336/projects/final/api/delete.php:15
Stack trace:
#0 /home/ubuntu/workspace/cst336/projects/final/api/delete.php(15): PDOStatement->execute(Array)
#1 {main}
  thrown in /home/ubuntu/workspace/cst336/projects/final/api/delete.php on line 15
[12-Dec-2018 20:09:26 UTC] PHP Fatal error:  Uncaught exception 'PDOException' with message 'SQLSTATE[42000]: Syntax error or access violation: 1064 You have an error in your SQL syntax; check the manual that corresponds to your MySQL server version for the right syntax to use near 'WHERE blogId = ''' at line 2' in /home/ubuntu/workspace/cst336/projects/final/api/delete.php:15
Stack trace:
#0 /home/ubuntu/workspace/cst336/projects/final/api/delete.php(15): PDOStatement->execute(Array)
#1 {main}
  thrown in /home/ubuntu/workspace/cst336/projects/final/api/delete.php on line 15
[12-Dec-2018 20:09:27 UTC] PHP Fatal error:  Uncaught exception 'PDOException' with message 'SQLSTATE[42000]: Syntax error or access violation: 1064 You have an error in your SQL syntax; check the manual that corresponds to your MySQL server version for the right syntax to use near 'WHERE blogId = ''' at line 2' in /home/ubuntu/workspace/cst336/projects/final/api/delete.php:15
Stack trace:
#0 /home/ubuntu/workspace/cst336/projects/final/api/delete.php(15): PDOStatement->execute(Array)
#1 {main}
  thrown in /home/ubuntu/workspace/cst336/projects/final/api/delete.php on line 15
[12-Dec-2018 20:09:27 UTC] PHP Fatal error:  Uncaught exception 'PDOException' with message 'SQLSTATE[42000]: Syntax error or access violation: 1064 You have an error in your SQL syntax; check the manual that corresponds to your MySQL server version for the right syntax to use near 'WHERE blogId = ''' at line 2' in /home/ubuntu/workspace/cst336/projects/final/api/delete.php:15
Stack trace:
#0 /home/ubuntu/workspace/cst336/projects/final/api/delete.php(15): PDOStatement->execute(Array)
#1 {main}
  thrown in /home/ubuntu/workspace/cst336/projects/final/api/delete.php on line 15
[12-Dec-2018 20:09:27 UTC] PHP Fatal error:  Uncaught exception 'PDOException' with message 'SQLSTATE[42000]: Syntax error or access violation: 1064 You have an error in your SQL syntax; check the manual that corresponds to your MySQL server version for the right syntax to use near 'WHERE blogId = ''' at line 2' in /home/ubuntu/workspace/cst336/projects/final/api/delete.php:15
Stack trace:
#0 /home/ubuntu/workspace/cst336/projects/final/api/delete.php(15): PDOStatement->execute(Array)
#1 {main}
  thrown in /home/ubuntu/workspace/cst336/projects/final/api/delete.php on line 15
[12-Dec-2018 20:09:27 UTC] PHP Fatal error:  Uncaught exception 'PDOException' with message 'SQLSTATE[42000]: Syntax error or access violation: 1064 You have an error in your SQL syntax; check the manual that corresponds to your MySQL server version for the right syntax to use near 'WHERE blogId = ''' at line 2' in /home/ubuntu/workspace/cst336/projects/final/api/delete.php:15
Stack trace:
#0 /home/ubuntu/workspace/cst336/projects/final/api/delete.php(15): PDOStatement->execute(Array)
#1 {main}
  thrown in /home/ubuntu/workspace/cst336/projects/final/api/delete.php on line 15
[12-Dec-2018 20:09:28 UTC] PHP Fatal error:  Uncaught exception 'PDOException' with message 'SQLSTATE[42000]: Syntax error or access violation: 1064 You have an error in your SQL syntax; check the manual that corresponds to your MySQL server version for the right syntax to use near 'WHERE blogId = ''' at line 2' in /home/ubuntu/workspace/cst336/projects/final/api/delete.php:15
Stack trace:
#0 /home/ubuntu/workspace/cst336/projects/final/api/delete.php(15): PDOStatement->execute(Array)
#1 {main}
  thrown in /home/ubuntu/workspace/cst336/projects/final/api/delete.php on line 15
[12-Dec-2018 20:09:28 UTC] PHP Fatal error:  Uncaught exception 'PDOException' with message 'SQLSTATE[42000]: Syntax error or access violation: 1064 You have an error in your SQL syntax; check the manual that corresponds to your MySQL server version for the right syntax to use near 'WHERE blogId = ''' at line 2' in /home/ubuntu/workspace/cst336/projects/final/api/delete.php:15
Stack trace:
#0 /home/ubuntu/workspace/cst336/projects/final/api/delete.php(15): PDOStatement->execute(Array)
#1 {main}
  thrown in /home/ubuntu/workspace/cst336/projects/final/api/delete.php on line 15
[12-Dec-2018 20:13:01 UTC] PHP Fatal error:  Uncaught exception 'PDOException' with message 'SQLSTATE[42000]: Syntax error or access violation: 1064 You have an error in your SQL syntax; check the manual that corresponds to your MySQL server version for the right syntax to use near 'WHERE blogId = NULL' at line 2' in /home/ubuntu/workspace/cst336/projects/final/api/delete.php:15
Stack trace:
#0 /home/ubuntu/workspace/cst336/projects/final/api/delete.php(15): PDOStatement->execute(Array)
#1 {main}
  thrown in /home/ubuntu/workspace/cst336/projects/final/api/delete.php on line 15
[12-Dec-2018 20:13:02 UTC] PHP Fatal error:  Uncaught exception 'PDOException' with message 'SQLSTATE[42000]: Syntax error or access violation: 1064 You have an error in your SQL syntax; check the manual that corresponds to your MySQL server version for the right syntax to use near 'WHERE blogId = NULL' at line 2' in /home/ubuntu/workspace/cst336/projects/final/api/delete.php:15
Stack trace:
#0 /home/ubuntu/workspace/cst336/projects/final/api/delete.php(15): PDOStatement->execute(Array)
#1 {main}
  thrown in /home/ubuntu/workspace/cst336/projects/final/api/delete.php on line 15
[12-Dec-2018 20:13:04 UTC] PHP Fatal error:  Uncaught exception 'PDOException' with message 'SQLSTATE[42000]: Syntax error or access violation: 1064 You have an error in your SQL syntax; check the manual that corresponds to your MySQL server version for the right syntax to use near 'WHERE blogId = NULL' at line 2' in /home/ubuntu/workspace/cst336/projects/final/api/delete.php:15
Stack trace:
#0 /home/ubuntu/workspace/cst336/projects/final/api/delete.php(15): PDOStatement->execute(Array)
#1 {main}
  thrown in /home/ubuntu/workspace/cst336/projects/final/api/delete.php on line 15
[12-Dec-2018 20:13:04 UTC] PHP Fatal error:  Uncaught exception 'PDOException' with message 'SQLSTATE[42000]: Syntax error or access violation: 1064 You have an error in your SQL syntax; check the manual that corresponds to your MySQL server version for the right syntax to use near 'WHERE blogId = NULL' at line 2' in /home/ubuntu/workspace/cst336/projects/final/api/delete.php:15
Stack trace:
#0 /home/ubuntu/workspace/cst336/projects/final/api/delete.php(15): PDOStatement->execute(Array)
#1 {main}
  thrown in /home/ubuntu/workspace/cst336/projects/final/api/delete.php on line 15
[12-Dec-2018 20:13:04 UTC] PHP Fatal error:  Uncaught exception 'PDOException' with message 'SQLSTATE[42000]: Syntax error or access violation: 1064 You have an error in your SQL syntax; check the manual that corresponds to your MySQL server version for the right syntax to use near 'WHERE blogId = NULL' at line 2' in /home/ubuntu/workspace/cst336/projects/final/api/delete.php:15
Stack trace:
#0 /home/ubuntu/workspace/cst336/projects/final/api/delete.php(15): PDOStatement->execute(Array)
#1 {main}
  thrown in /home/ubuntu/workspace/cst336/projects/final/api/delete.php on line 15
[12-Dec-2018 20:13:07 UTC] PHP Fatal error:  Uncaught exception 'PDOException' with message 'SQLSTATE[42000]: Syntax error or access violation: 1064 You have an error in your SQL syntax; check the manual that corresponds to your MySQL server version for the right syntax to use near 'WHERE blogId = NULL' at line 2' in /home/ubuntu/workspace/cst336/projects/final/api/delete.php:15
Stack trace:
#0 /home/ubuntu/workspace/cst336/projects/final/api/delete.php(15): PDOStatement->execute(Array)
#1 {main}
  thrown in /home/ubuntu/workspace/cst336/projects/final/api/delete.php on line 15
[12-Dec-2018 20:13:14 UTC] PHP Fatal error:  Uncaught exception 'PDOException' with message 'SQLSTATE[42000]: Syntax error or access violation: 1064 You have an error in your SQL syntax; check the manual that corresponds to your MySQL server version for the right syntax to use near 'WHERE blogId = NULL' at line 2' in /home/ubuntu/workspace/cst336/projects/final/api/delete.php:15
Stack trace:
#0 /home/ubuntu/workspace/cst336/projects/final/api/delete.php(15): PDOStatement->execute(Array)
#1 {main}
  thrown in /home/ubuntu/workspace/cst336/projects/final/api/delete.php on line 15
[12-Dec-2018 20:13:42 UTC] PHP Fatal error:  Uncaught exception 'PDOException' with message 'SQLSTATE[42000]: Syntax error or access violation: 1064 You have an error in your SQL syntax; check the manual that corresponds to your MySQL server version for the right syntax to use near 'WHERE blogId = NULL' at line 2' in /home/ubuntu/workspace/cst336/projects/final/api/delete.php:15
Stack trace:
#0 /home/ubuntu/workspace/cst336/projects/final/api/delete.php(15): PDOStatement->execute(Array)
#1 {main}
  thrown in /home/ubuntu/workspace/cst336/projects/final/api/delete.php on line 15
[12-Dec-2018 20:13:45 UTC] PHP Fatal error:  Uncaught exception 'PDOException' with message 'SQLSTATE[42000]: Syntax error or access violation: 1064 You have an error in your SQL syntax; check the manual that corresponds to your MySQL server version for the right syntax to use near 'WHERE blogId = NULL' at line 2' in /home/ubuntu/workspace/cst336/projects/final/api/delete.php:15
Stack trace:
#0 /home/ubuntu/workspace/cst336/projects/final/api/delete.php(15): PDOStatement->execute(Array)
#1 {main}
  thrown in /home/ubuntu/workspace/cst336/projects/final/api/delete.php on line 15
[12-Dec-2018 20:13:45 UTC] PHP Fatal error:  Uncaught exception 'PDOException' with message 'SQLSTATE[42000]: Syntax error or access violation: 1064 You have an error in your SQL syntax; check the manual that corresponds to your MySQL server version for the right syntax to use near 'WHERE blogId = NULL' at line 2' in /home/ubuntu/workspace/cst336/projects/final/api/delete.php:15
Stack trace:
#0 /home/ubuntu/workspace/cst336/projects/final/api/delete.php(15): PDOStatement->execute(Array)
#1 {main}
  thrown in /home/ubuntu/workspace/cst336/projects/final/api/delete.php on line 15
[12-Dec-2018 20:13:46 UTC] PHP Fatal error:  Uncaught exception 'PDOException' with message 'SQLSTATE[42000]: Syntax error or access violation: 1064 You have an error in your SQL syntax; check the manual that corresponds to your MySQL server version for the right syntax to use near 'WHERE blogId = NULL' at line 2' in /home/ubuntu/workspace/cst336/projects/final/api/delete.php:15
Stack trace:
#0 /home/ubuntu/workspace/cst336/projects/final/api/delete.php(15): PDOStatement->execute(Array)
#1 {main}
  thrown in /home/ubuntu/workspace/cst336/projects/final/api/delete.php on line 15
[12-Dec-2018 20:14:57 UTC] PHP Fatal error:  Uncaught exception 'PDOException' with message 'SQLSTATE[42000]: Syntax error or access violation: 1064 You have an error in your SQL syntax; check the manual that corresponds to your MySQL server version for the right syntax to use near 'WHERE blogId = NULL' at line 2' in /home/ubuntu/workspace/cst336/projects/final/api/delete.php:15
Stack trace:
#0 /home/ubuntu/workspace/cst336/projects/final/api/delete.php(15): PDOStatement->execute(Array)
#1 {main}
  thrown in /home/ubuntu/workspace/cst336/projects/final/api/delete.php on line 15
[12-Dec-2018 20:14:59 UTC] PHP Fatal error:  Uncaught exception 'PDOException' with message 'SQLSTATE[42000]: Syntax error or access violation: 1064 You have an error in your SQL syntax; check the manual that corresponds to your MySQL server version for the right syntax to use near 'WHERE blogId = NULL' at line 2' in /home/ubuntu/workspace/cst336/projects/final/api/delete.php:15
Stack trace:
#0 /home/ubuntu/workspace/cst336/projects/final/api/delete.php(15): PDOStatement->execute(Array)
#1 {main}
  thrown in /home/ubuntu/workspace/cst336/projects/final/api/delete.php on line 15
[12-Dec-2018 20:14:59 UTC] PHP Fatal error:  Uncaught exception 'PDOException' with message 'SQLSTATE[42000]: Syntax error or access violation: 1064 You have an error in your SQL syntax; check the manual that corresponds to your MySQL server version for the right syntax to use near 'WHERE blogId = NULL' at line 2' in /home/ubuntu/workspace/cst336/projects/final/api/delete.php:15
Stack trace:
#0 /home/ubuntu/workspace/cst336/projects/final/api/delete.php(15): PDOStatement->execute(Array)
#1 {main}
  thrown in /home/ubuntu/workspace/cst336/projects/final/api/delete.php on line 15
[12-Dec-2018 20:14:59 UTC] PHP Fatal error:  Uncaught exception 'PDOException' with message 'SQLSTATE[42000]: Syntax error or access violation: 1064 You have an error in your SQL syntax; check the manual that corresponds to your MySQL server version for the right syntax to use near 'WHERE blogId = NULL' at line 2' in /home/ubuntu/workspace/cst336/projects/final/api/delete.php:15
Stack trace:
#0 /home/ubuntu/workspace/cst336/projects/final/api/delete.php(15): PDOStatement->execute(Array)
#1 {main}
  thrown in /home/ubuntu/workspace/cst336/projects/final/api/delete.php on line 15
[12-Dec-2018 20:15:33 UTC] PHP Fatal error:  Uncaught exception 'PDOException' with message 'SQLSTATE[42000]: Syntax error or access violation: 1064 You have an error in your SQL syntax; check the manual that corresponds to your MySQL server version for the right syntax to use near 'WHERE blogId = NULL' at line 2' in /home/ubuntu/workspace/cst336/projects/final/api/delete.php:15
Stack trace:
#0 /home/ubuntu/workspace/cst336/projects/final/api/delete.php(15): PDOStatement->execute(Array)
#1 {main}
  thrown in /home/ubuntu/workspace/cst336/projects/final/api/delete.php on line 15
[12-Dec-2018 20:16:11 UTC] PHP Fatal error:  Uncaught exception 'PDOException' with message 'SQLSTATE[42000]: Syntax error or access violation: 1064 You have an error in your SQL syntax; check the manual that corresponds to your MySQL server version for the right syntax to use near 'WHERE blogId = NULL' at line 2' in /home/ubuntu/workspace/cst336/projects/final/api/delete.php:15
Stack trace:
#0 /home/ubuntu/workspace/cst336/projects/final/api/delete.php(15): PDOStatement->execute(Array)
#1 {main}
  thrown in /home/ubuntu/workspace/cst336/projects/final/api/delete.php on line 15
[12-Dec-2018 20:16:13 UTC] PHP Fatal error:  Uncaught exception 'PDOException' with message 'SQLSTATE[42000]: Syntax error or access violation: 1064 You have an error in your SQL syntax; check the manual that corresponds to your MySQL server version for the right syntax to use near 'WHERE blogId = NULL' at line 2' in /home/ubuntu/workspace/cst336/projects/final/api/delete.php:15
Stack trace:
#0 /home/ubuntu/workspace/cst336/projects/final/api/delete.php(15): PDOStatement->execute(Array)
#1 {main}
  thrown in /home/ubuntu/workspace/cst336/projects/final/api/delete.php on line 15
[12-Dec-2018 20:16:13 UTC] PHP Fatal error:  Uncaught exception 'PDOException' with message 'SQLSTATE[42000]: Syntax error or access violation: 1064 You have an error in your SQL syntax; check the manual that corresponds to your MySQL server version for the right syntax to use near 'WHERE blogId = NULL' at line 2' in /home/ubuntu/workspace/cst336/projects/final/api/delete.php:15
Stack trace:
#0 /home/ubuntu/workspace/cst336/projects/final/api/delete.php(15): PDOStatement->execute(Array)
#1 {main}
  thrown in /home/ubuntu/workspace/cst336/projects/final/api/delete.php on line 15
[12-Dec-2018 20:16:13 UTC] PHP Fatal error:  Uncaught exception 'PDOException' with message 'SQLSTATE[42000]: Syntax error or access violation: 1064 You have an error in your SQL syntax; check the manual that corresponds to your MySQL server version for the right syntax to use near 'WHERE blogId = NULL' at line 2' in /home/ubuntu/workspace/cst336/projects/final/api/delete.php:15
Stack trace:
#0 /home/ubuntu/workspace/cst336/projects/final/api/delete.php(15): PDOStatement->execute(Array)
#1 {main}
  thrown in /home/ubuntu/workspace/cst336/projects/final/api/delete.php on line 15
[12-Dec-2018 20:16:13 UTC] PHP Fatal error:  Uncaught exception 'PDOException' with message 'SQLSTATE[42000]: Syntax error or access violation: 1064 You have an error in your SQL syntax; check the manual that corresponds to your MySQL server version for the right syntax to use near 'WHERE blogId = NULL' at line 2' in /home/ubuntu/workspace/cst336/projects/final/api/delete.php:15
Stack trace:
#0 /home/ubuntu/workspace/cst336/projects/final/api/delete.php(15): PDOStatement->execute(Array)
#1 {main}
  thrown in /home/ubuntu/workspace/cst336/projects/final/api/delete.php on line 15
[12-Dec-2018 20:16:14 UTC] PHP Fatal error:  Uncaught exception 'PDOException' with message 'SQLSTATE[42000]: Syntax error or access violation: 1064 You have an error in your SQL syntax; check the manual that corresponds to your MySQL server version for the right syntax to use near 'WHERE blogId = NULL' at line 2' in /home/ubuntu/workspace/cst336/projects/final/api/delete.php:15
Stack trace:
#0 /home/ubuntu/workspace/cst336/projects/final/api/delete.php(15): PDOStatement->execute(Array)
#1 {main}
  thrown in /home/ubuntu/workspace/cst336/projects/final/api/delete.php on line 15
[12-Dec-2018 20:16:14 UTC] PHP Fatal error:  Uncaught exception 'PDOException' with message 'SQLSTATE[42000]: Syntax error or access violation: 1064 You have an error in your SQL syntax; check the manual that corresponds to your MySQL server version for the right syntax to use near 'WHERE blogId = NULL' at line 2' in /home/ubuntu/workspace/cst336/projects/final/api/delete.php:15
Stack trace:
#0 /home/ubuntu/workspace/cst336/projects/final/api/delete.php(15): PDOStatement->execute(Array)
#1 {main}
  thrown in /home/ubuntu/workspace/cst336/projects/final/api/delete.php on line 15
[12-Dec-2018 20:16:16 UTC] PHP Fatal error:  Uncaught exception 'PDOException' with message 'SQLSTATE[42000]: Syntax error or access violation: 1064 You have an error in your SQL syntax; check the manual that corresponds to your MySQL server version for the right syntax to use near 'WHERE blogId = NULL' at line 2' in /home/ubuntu/workspace/cst336/projects/final/api/delete.php:15
Stack trace:
#0 /home/ubuntu/workspace/cst336/projects/final/api/delete.php(15): PDOStatement->execute(Array)
#1 {main}
  thrown in /home/ubuntu/workspace/cst336/projects/final/api/delete.php on line 15
[12-Dec-2018 20:17:29 UTC] PHP Fatal error:  Uncaught exception 'PDOException' with message 'SQLSTATE[42000]: Syntax error or access violation: 1064 You have an error in your SQL syntax; check the manual that corresponds to your MySQL server version for the right syntax to use near 'WHERE blogId = NULL' at line 2' in /home/ubuntu/workspace/cst336/projects/final/api/delete.php:13
Stack trace:
#0 /home/ubuntu/workspace/cst336/projects/final/api/delete.php(13): PDOStatement->execute(Array)
#1 {main}
  thrown in /home/ubuntu/workspace/cst336/projects/final/api/delete.php on line 13
[12-Dec-2018 20:17:32 UTC] PHP Fatal error:  Uncaught exception 'PDOException' with message 'SQLSTATE[42000]: Syntax error or access violation: 1064 You have an error in your SQL syntax; check the manual that corresponds to your MySQL server version for the right syntax to use near 'WHERE blogId = NULL' at line 2' in /home/ubuntu/workspace/cst336/projects/final/api/delete.php:13
Stack trace:
#0 /home/ubuntu/workspace/cst336/projects/final/api/delete.php(13): PDOStatement->execute(Array)
#1 {main}
  thrown in /home/ubuntu/workspace/cst336/projects/final/api/delete.php on line 13
[12-Dec-2018 20:17:32 UTC] PHP Fatal error:  Uncaught exception 'PDOException' with message 'SQLSTATE[42000]: Syntax error or access violation: 1064 You have an error in your SQL syntax; check the manual that corresponds to your MySQL server version for the right syntax to use near 'WHERE blogId = NULL' at line 2' in /home/ubuntu/workspace/cst336/projects/final/api/delete.php:13
Stack trace:
#0 /home/ubuntu/workspace/cst336/projects/final/api/delete.php(13): PDOStatement->execute(Array)
#1 {main}
  thrown in /home/ubuntu/workspace/cst336/projects/final/api/delete.php on line 13
[12-Dec-2018 20:17:36 UTC] PHP Fatal error:  Uncaught exception 'PDOException' with message 'SQLSTATE[42000]: Syntax error or access violation: 1064 You have an error in your SQL syntax; check the manual that corresponds to your MySQL server version for the right syntax to use near 'WHERE blogId = NULL' at line 2' in /home/ubuntu/workspace/cst336/projects/final/api/delete.php:13
Stack trace:
#0 /home/ubuntu/workspace/cst336/projects/final/api/delete.php(13): PDOStatement->execute(Array)
#1 {main}
  thrown in /home/ubuntu/workspace/cst336/projects/final/api/delete.php on line 13
[12-Dec-2018 20:17:36 UTC] PHP Fatal error:  Uncaught exception 'PDOException' with message 'SQLSTATE[42000]: Syntax error or access violation: 1064 You have an error in your SQL syntax; check the manual that corresponds to your MySQL server version for the right syntax to use near 'WHERE blogId = NULL' at line 2' in /home/ubuntu/workspace/cst336/projects/final/api/delete.php:13
Stack trace:
#0 /home/ubuntu/workspace/cst336/projects/final/api/delete.php(13): PDOStatement->execute(Array)
#1 {main}
  thrown in /home/ubuntu/workspace/cst336/projects/final/api/delete.php on line 13
[12-Dec-2018 20:17:52 UTC] PHP Fatal error:  Uncaught exception 'PDOException' with message 'SQLSTATE[42000]: Syntax error or access violation: 1064 You have an error in your SQL syntax; check the manual that corresponds to your MySQL server version for the right syntax to use near 'WHERE blogId = NULL' at line 2' in /home/ubuntu/workspace/cst336/projects/final/api/delete.php:13
Stack trace:
#0 /home/ubuntu/workspace/cst336/projects/final/api/delete.php(13): PDOStatement->execute(Array)
#1 {main}
  thrown in /home/ubuntu/workspace/cst336/projects/final/api/delete.php on line 13
[12-Dec-2018 20:17:52 UTC] PHP Fatal error:  Uncaught exception 'PDOException' with message 'SQLSTATE[42000]: Syntax error or access violation: 1064 You have an error in your SQL syntax; check the manual that corresponds to your MySQL server version for the right syntax to use near 'WHERE blogId = NULL' at line 2' in /home/ubuntu/workspace/cst336/projects/final/api/delete.php:13
Stack trace:
#0 /home/ubuntu/workspace/cst336/projects/final/api/delete.php(13): PDOStatement->execute(Array)
#1 {main}
  thrown in /home/ubuntu/workspace/cst336/projects/final/api/delete.php on line 13
[12-Dec-2018 20:17:53 UTC] PHP Fatal error:  Uncaught exception 'PDOException' with message 'SQLSTATE[42000]: Syntax error or access violation: 1064 You have an error in your SQL syntax; check the manual that corresponds to your MySQL server version for the right syntax to use near 'WHERE blogId = NULL' at line 2' in /home/ubuntu/workspace/cst336/projects/final/api/delete.php:13
Stack trace:
#0 /home/ubuntu/workspace/cst336/projects/final/api/delete.php(13): PDOStatement->execute(Array)
#1 {main}
  thrown in /home/ubuntu/workspace/cst336/projects/final/api/delete.php on line 13
[12-Dec-2018 20:17:53 UTC] PHP Fatal error:  Uncaught exception 'PDOException' with message 'SQLSTATE[42000]: Syntax error or access violation: 1064 You have an error in your SQL syntax; check the manual that corresponds to your MySQL server version for the right syntax to use near 'WHERE blogId = NULL' at line 2' in /home/ubuntu/workspace/cst336/projects/final/api/delete.php:13
Stack trace:
#0 /home/ubuntu/workspace/cst336/projects/final/api/delete.php(13): PDOStatement->execute(Array)
#1 {main}
  thrown in /home/ubuntu/workspace/cst336/projects/final/api/delete.php on line 13
[12-Dec-2018 20:18:17 UTC] PHP Fatal error:  Uncaught exception 'PDOException' with message 'SQLSTATE[42000]: Syntax error or access violation: 1064 You have an error in your SQL syntax; check the manual that corresponds to your MySQL server version for the right syntax to use near 'WHERE blogId = NULL' at line 2' in /home/ubuntu/workspace/cst336/projects/final/api/delete.php:13
Stack trace:
#0 /home/ubuntu/workspace/cst336/projects/final/api/delete.php(13): PDOStatement->execute(Array)
#1 {main}
  thrown in /home/ubuntu/workspace/cst336/projects/final/api/delete.php on line 13
[12-Dec-2018 20:18:58 UTC] PHP Fatal error:  Uncaught exception 'PDOException' with message 'SQLSTATE[42000]: Syntax error or access violation: 1064 You have an error in your SQL syntax; check the manual that corresponds to your MySQL server version for the right syntax to use near 'WHERE blogId =NULL' at line 2' in /home/ubuntu/workspace/cst336/projects/final/api/delete.php:13
Stack trace:
#0 /home/ubuntu/workspace/cst336/projects/final/api/delete.php(13): PDOStatement->execute(Array)
#1 {main}
  thrown in /home/ubuntu/workspace/cst336/projects/final/api/delete.php on line 13
