[10-Sep-2018 21:34:14 UTC] PHP Parse error:  syntax error, unexpected 'echo' (T_ECHO) in /home/ubuntu/workspace/cst336/labs/lab2/index.php on line 14
[10-Sep-2018 22:07:53 UTC] PHP Parse error:  syntax error, unexpected 'echo' (T_ECHO), expecting ',' or ';' in /home/ubuntu/workspace/cst336/labs/lab2/index.php on line 68
[10-Sep-2018 22:31:19 UTC] PHP Warning:  Missing argument 1 for points(), called in /home/ubuntu/workspace/cst336/labs/lab2/index.php on line 87 and defined in /home/ubuntu/workspace/cst336/labs/lab2/index.php on line 52
[10-Sep-2018 22:31:19 UTC] PHP Stack trace:
[10-Sep-2018 22:31:19 UTC] PHP   1. {main}() /home/ubuntu/workspace/cst336/labs/lab2/index.php:0
[10-Sep-2018 22:31:19 UTC] PHP   2. points() /home/ubuntu/workspace/cst336/labs/lab2/index.php:87
[10-Sep-2018 22:31:19 UTC] PHP Warning:  Missing argument 2 for points(), called in /home/ubuntu/workspace/cst336/labs/lab2/index.php on line 87 and defined in /home/ubuntu/workspace/cst336/labs/lab2/index.php on line 52
[10-Sep-2018 22:31:19 UTC] PHP Stack trace:
[10-Sep-2018 22:31:19 UTC] PHP   1. {main}() /home/ubuntu/workspace/cst336/labs/lab2/index.php:0
[10-Sep-2018 22:31:19 UTC] PHP   2. points() /home/ubuntu/workspace/cst336/labs/lab2/index.php:87
[10-Sep-2018 22:31:19 UTC] PHP Warning:  Missing argument 3 for points(), called in /home/ubuntu/workspace/cst336/labs/lab2/index.php on line 87 and defined in /home/ubuntu/workspace/cst336/labs/lab2/index.php on line 52
[10-Sep-2018 22:31:19 UTC] PHP Stack trace:
[10-Sep-2018 22:31:19 UTC] PHP   1. {main}() /home/ubuntu/workspace/cst336/labs/lab2/index.php:0
[10-Sep-2018 22:31:19 UTC] PHP   2. points() /home/ubuntu/workspace/cst336/labs/lab2/index.php:87
[10-Sep-2018 22:31:26 UTC] PHP Warning:  Missing argument 1 for points(), called in /home/ubuntu/workspace/cst336/labs/lab2/index.php on line 87 and defined in /home/ubuntu/workspace/cst336/labs/lab2/index.php on line 52
[10-Sep-2018 22:31:26 UTC] PHP Stack trace:
[10-Sep-2018 22:31:26 UTC] PHP   1. {main}() /home/ubuntu/workspace/cst336/labs/lab2/index.php:0
[10-Sep-2018 22:31:26 UTC] PHP   2. points() /home/ubuntu/workspace/cst336/labs/lab2/index.php:87
[10-Sep-2018 22:31:26 UTC] PHP Warning:  Missing argument 2 for points(), called in /home/ubuntu/workspace/cst336/labs/lab2/index.php on line 87 and defined in /home/ubuntu/workspace/cst336/labs/lab2/index.php on line 52
[10-Sep-2018 22:31:26 UTC] PHP Stack trace:
[10-Sep-2018 22:31:26 UTC] PHP   1. {main}() /home/ubuntu/workspace/cst336/labs/lab2/index.php:0
[10-Sep-2018 22:31:26 UTC] PHP   2. points() /home/ubuntu/workspace/cst336/labs/lab2/index.php:87
[10-Sep-2018 22:31:26 UTC] PHP Warning:  Missing argument 3 for points(), called in /home/ubuntu/workspace/cst336/labs/lab2/index.php on line 87 and defined in /home/ubuntu/workspace/cst336/labs/lab2/index.php on line 52
[10-Sep-2018 22:31:26 UTC] PHP Stack trace:
[10-Sep-2018 22:31:26 UTC] PHP   1. {main}() /home/ubuntu/workspace/cst336/labs/lab2/index.php:0
[10-Sep-2018 22:31:26 UTC] PHP   2. points() /home/ubuntu/workspace/cst336/labs/lab2/index.php:87
[10-Sep-2018 22:31:26 UTC] PHP Warning:  Missing argument 1 for points(), called in /home/ubuntu/workspace/cst336/labs/lab2/index.php on line 87 and defined in /home/ubuntu/workspace/cst336/labs/lab2/index.php on line 52
[10-Sep-2018 22:31:26 UTC] PHP Stack trace:
[10-Sep-2018 22:31:26 UTC] PHP   1. {main}() /home/ubuntu/workspace/cst336/labs/lab2/index.php:0
[10-Sep-2018 22:31:26 UTC] PHP   2. points() /home/ubuntu/workspace/cst336/labs/lab2/index.php:87
[10-Sep-2018 22:31:26 UTC] PHP Warning:  Missing argument 2 for points(), called in /home/ubuntu/workspace/cst336/labs/lab2/index.php on line 87 and defined in /home/ubuntu/workspace/cst336/labs/lab2/index.php on line 52
[10-Sep-2018 22:31:26 UTC] PHP Stack trace:
[10-Sep-2018 22:31:26 UTC] PHP   1. {main}() /home/ubuntu/workspace/cst336/labs/lab2/index.php:0
[10-Sep-2018 22:31:26 UTC] PHP   2. points() /home/ubuntu/workspace/cst336/labs/lab2/index.php:87
[10-Sep-2018 22:31:26 UTC] PHP Warning:  Missing argument 3 for points(), called in /home/ubuntu/workspace/cst336/labs/lab2/index.php on line 87 and defined in /home/ubuntu/workspace/cst336/labs/lab2/index.php on line 52
[10-Sep-2018 22:31:26 UTC] PHP Stack trace:
[10-Sep-2018 22:31:26 UTC] PHP   1. {main}() /home/ubuntu/workspace/cst336/labs/lab2/index.php:0
[10-Sep-2018 22:31:26 UTC] PHP   2. points() /home/ubuntu/workspace/cst336/labs/lab2/index.php:87
[10-Sep-2018 22:31:27 UTC] PHP Warning:  Missing argument 1 for points(), called in /home/ubuntu/workspace/cst336/labs/lab2/index.php on line 87 and defined in /home/ubuntu/workspace/cst336/labs/lab2/index.php on line 52
[10-Sep-2018 22:31:27 UTC] PHP Stack trace:
[10-Sep-2018 22:31:27 UTC] PHP   1. {main}() /home/ubuntu/workspace/cst336/labs/lab2/index.php:0
[10-Sep-2018 22:31:27 UTC] PHP   2. points() /home/ubuntu/workspace/cst336/labs/lab2/index.php:87
[10-Sep-2018 22:31:27 UTC] PHP Warning:  Missing argument 2 for points(), called in /home/ubuntu/workspace/cst336/labs/lab2/index.php on line 87 and defined in /home/ubuntu/workspace/cst336/labs/lab2/index.php on line 52
[10-Sep-2018 22:31:27 UTC] PHP Stack trace:
[10-Sep-2018 22:31:27 UTC] PHP   1. {main}() /home/ubuntu/workspace/cst336/labs/lab2/index.php:0
[10-Sep-2018 22:31:27 UTC] PHP   2. points() /home/ubuntu/workspace/cst336/labs/lab2/index.php:87
[10-Sep-2018 22:31:27 UTC] PHP Warning:  Missing argument 3 for points(), called in /home/ubuntu/workspace/cst336/labs/lab2/index.php on line 87 and defined in /home/ubuntu/workspace/cst336/labs/lab2/index.php on line 52
[10-Sep-2018 22:31:27 UTC] PHP Stack trace:
[10-Sep-2018 22:31:27 UTC] PHP   1. {main}() /home/ubuntu/workspace/cst336/labs/lab2/index.php:0
[10-Sep-2018 22:31:27 UTC] PHP   2. points() /home/ubuntu/workspace/cst336/labs/lab2/index.php:87
